#
# There is insufficient memory for the Java Runtime Environment to continue.
# Native memory allocation (malloc) failed to allocate 226576 bytes for Chunk::new
# Possible reasons:
#   The system is out of physical RAM or swap space
#   The process is running with CompressedOops enabled, and the Java Heap may be blocking the growth of the native heap
# Possible solutions:
#   Reduce memory load on the system
#   Increase physical memory or swap space
#   Check if swap backing store is full
#   Decrease Java heap size (-Xmx/-Xms)
#   Decrease number of Java threads
#   Decrease Java thread stack sizes (-Xss)
#   Set larger code cache with -XX:ReservedCodeCacheSize=
#   JVM is running with Unscaled Compressed Oops mode in which the Java heap is
#     placed in the first 4GB address space. The Java Heap base address is the
#     maximum limit for the native heap growth. Please use -XX:HeapBaseMinAddress
#     to set the Java Heap base and to place the Java Heap above 4GB virtual address.
# This output file may be truncated or incomplete.
#
#  Out of Memory Error (arena.cpp:189), pid=18404, tid=13284
#
# JRE version: Java(TM) SE Runtime Environment (17.0.12+8) (build 17.0.12+8-LTS-286)
# Java VM: Java HotSpot(TM) 64-Bit Server VM (17.0.12+8-LTS-286, mixed mode, sharing, tiered, compressed oops, compressed class ptrs, g1 gc, windows-amd64)
# No core dump will be written. Minidumps are not enabled by default on client versions of Windows
#

---------------  S U M M A R Y ------------

Command Line: -XX:MaxMetaspaceSize=512m --add-opens=java.base/java.util=ALL-UNNAMED --add-opens=java.base/java.lang=ALL-UNNAMED --add-opens=java.base/java.lang.invoke=ALL-UNNAMED --add-opens=java.prefs/java.util.prefs=ALL-UNNAMED --add-opens=java.base/java.nio.charset=ALL-UNNAMED --add-opens=java.base/java.net=ALL-UNNAMED --add-opens=java.base/java.util.concurrent.atomic=ALL-UNNAMED -Xmx2048m -Dfile.encoding=windows-1252 -Duser.country=IN -Duser.language=en -Duser.variant -javaagent:C:\Users\vanam\.gradle\wrapper\dists\gradle-8.6-all\3mbtmo166bl6vumsh5k2lkq5h\gradle-8.6\lib\agents\gradle-instrumentation-agent-8.6.jar org.gradle.launcher.daemon.bootstrap.GradleDaemon 8.6

Host: 12th Gen Intel(R) Core(TM) i5-1240P, 16 cores, 15G,  Windows 11 , 64 bit Build 22621 (10.0.22621.3958)
Time: Sun Sep  1 16:05:29 2024 India Standard Time elapsed time: 132.618325 seconds (0d 0h 2m 12s)

---------------  T H R E A D  ---------------

Current thread (0x000001ab6ffc0aa0):  JavaThread "C2 CompilerThread2" daemon [_thread_in_native, id=13284, stack(0x00000023a0400000,0x00000023a0500000)]


Current CompileTask:
C2: 132618 11105   !   4       com.google.common.cache.LocalCache$Segment::runLockedCleanup (39 bytes)

Stack: [0x00000023a0400000,0x00000023a0500000]
Native frames: (J=compiled Java code, j=interpreted, Vv=VM code, C=native code)
V  [jvm.dll+0x67a04a]
V  [jvm.dll+0x7da4ed]
V  [jvm.dll+0x7dbe33]
V  [jvm.dll+0x7dc4a3]
V  [jvm.dll+0x24508f]
V  [jvm.dll+0xab773]
V  [jvm.dll+0xabd3c]
V  [jvm.dll+0x2aa52f]
V  [jvm.dll+0x581eb9]
V  [jvm.dll+0x21f422]
V  [jvm.dll+0x2184c2]
V  [jvm.dll+0x215b65]
V  [jvm.dll+0x1a2960]
V  [jvm.dll+0x22610b]
V  [jvm.dll+0x2242ab]
V  [jvm.dll+0x79075c]
V  [jvm.dll+0x78abea]
V  [jvm.dll+0x678f35]
C  [ucrtbase.dll+0x29333]
C  [KERNEL32.DLL+0x1257d]
C  [ntdll.dll+0x5af28]


---------------  P R O C E S S  ---------------

Threads class SMR info:
_java_thread_list=0x000001ab71d19a40, length=153, elements={
0x000001ab49dab3c0, 0x000001ab68bd3850, 0x000001ab68b78b30, 0x000001ab68b8e9f0,
0x000001ab68bd45c0, 0x000001ab68bd7090, 0x000001ab68bd7a50, 0x000001ab68bda810,
0x000001ab68bfba70, 0x000001ab68bfe8a0, 0x000001ab68d4c540, 0x000001ab68d4ca50,
0x000001ab68d4bb20, 0x000001ab68d4cf60, 0x000001ab68d4d470, 0x000001ab68d4edc0,
0x000001ab68d4d980, 0x000001ab68d4c030, 0x000001ab68d4de90, 0x000001ab68d4f2d0,
0x000001ab68d4e3a0, 0x000001ab68d4e8b0, 0x000001ab6ef6a680, 0x000001ab6ef69240,
0x000001ab6ef673e0, 0x000001ab6ef678f0, 0x000001ab6ef68d30, 0x000001ab6ef6de30,
0x000001ab6ef69750, 0x000001ab6ef6c4e0, 0x000001ab6ef69c60, 0x000001ab6ef6a170,
0x000001ab6ef6bac0, 0x000001ab6ef6c9f0, 0x000001ab6ef68310, 0x000001ab71f4bb00,
0x000001ab71f4c010, 0x000001ab71f4c520, 0x000001ab71f48350, 0x000001ab71f46f10,
0x000001ab71f450b0, 0x000001ab71f45fe0, 0x000001ab71f4abd0, 0x000001ab71f47420,
0x000001ab71f48860, 0x000001ab71f48d70, 0x000001ab71f49790, 0x000001ab71f4b0e0,
0x000001ab71f49ca0, 0x000001ab71f45ad0, 0x000001ab71f4a1b0, 0x000001ab71f4ca30,
0x000001ab71f455c0, 0x000001ab71f4b5f0, 0x000001ab71f4a6c0, 0x000001ab6ef6d920,
0x000001ab6fbb3c90, 0x000001ab6fbb41a0, 0x000001ab6fbb6000, 0x000001ab6fbb3780,
0x000001ab6fbb46b0, 0x000001ab6fbb4bc0, 0x000001ab6fbb50d0, 0x000001ab6fbb3270,
0x000001ab6f0fa750, 0x000001ab6f0f9310, 0x000001ab6f0f6a90, 0x000001ab6f0fb170,
0x000001ab6f0fb680, 0x000001ab6f0fcfd0, 0x000001ab6f0fcac0, 0x000001ab6f0fa240,
0x000001ab6f0f9820, 0x000001ab6f0f8e00, 0x000001ab6f0f6070, 0x000001ab6f0fd9f0,
0x000001ab6f0f79c0, 0x000001ab6f0fd4e0, 0x000001ab6f0f6fa0, 0x000001ab6f0f6580,
0x000001ab6f0f74b0, 0x000001ab6f0f9d30, 0x000001ab6f0f7ed0, 0x000001ab6f0fac60,
0x000001ab6f0f83e0, 0x000001ab6f0fbb90, 0x000001ab6f0fc5b0, 0x000001ab6f0f88f0,
0x000001ab6f0fc0a0, 0x000001ab71f46a00, 0x000001ab71f47930, 0x000001ab71f47e40,
0x000001ab7299e770, 0x000001ab7299afc0, 0x000001ab7299ec80, 0x000001ab72998230,
0x000001ab72999160, 0x000001ab7299d330, 0x000001ab7299f190, 0x000001ab7299a090,
0x000001ab7299c400, 0x000001ab72998c50, 0x000001ab7299aab0, 0x000001ab72997d20,
0x000001ab7299a5a0, 0x000001ab7299f6a0, 0x000001ab7299bef0, 0x000001ab7299e260,
0x000001ab72998740, 0x000001ab72999670, 0x000001ab7299c910, 0x000001ab7299b4d0,
0x000001ab72999b80, 0x000001ab7299b9e0, 0x000001ab7299ce20, 0x000001ab7299d840,
0x000001ab7299dd50, 0x000001ab6e405b90, 0x000001ab6e403310, 0x000001ab6e405680,
0x000001ab6e401ed0, 0x000001ab6e403d30, 0x000001ab6e4060a0, 0x000001ab6e408410,
0x000001ab6e4065b0, 0x000001ab6e406ac0, 0x000001ab6e403820, 0x000001ab6e404240,
0x000001ab6e4074e0, 0x000001ab6e400fa0, 0x000001ab6e4023e0, 0x000001ab6e406fd0,
0x000001ab6e4079f0, 0x000001ab6e404750, 0x000001ab6e4019c0, 0x000001ab6e407f00,
0x000001ab6e408920, 0x000001ab6e4014b0, 0x000001ab6e402e00, 0x000001ab6e4028f0,
0x000001ab6e404c60, 0x000001ab6e405170, 0x000001ab71546400, 0x000001ab71540df0,
0x000001ab71542740, 0x000001ab71541810, 0x000001ab71543b80, 0x000001ab71541d20,
0x000001ab6ffba5b0, 0x000001ab71547330, 0x000001ab6ffbab00, 0x000001ab6ffc0aa0,
0x000001ab6ffbeac0
}

Java Threads: ( => current thread )
  0x000001ab49dab3c0 JavaThread "main" [_thread_blocked, id=23640, stack(0x0000002395b00000,0x0000002395c00000)]
  0x000001ab68bd3850 JavaThread "Reference Handler" daemon [_thread_blocked, id=14972, stack(0x0000002396200000,0x0000002396300000)]
  0x000001ab68b78b30 JavaThread "Finalizer" daemon [_thread_blocked, id=10044, stack(0x0000002396300000,0x0000002396400000)]
  0x000001ab68b8e9f0 JavaThread "Signal Dispatcher" daemon [_thread_blocked, id=4436, stack(0x0000002396400000,0x0000002396500000)]
  0x000001ab68bd45c0 JavaThread "Attach Listener" daemon [_thread_blocked, id=17688, stack(0x0000002396500000,0x0000002396600000)]
  0x000001ab68bd7090 JavaThread "Service Thread" daemon [_thread_blocked, id=20804, stack(0x0000002396600000,0x0000002396700000)]
  0x000001ab68bd7a50 JavaThread "Monitor Deflation Thread" daemon [_thread_blocked, id=12812, stack(0x0000002396700000,0x0000002396800000)]
  0x000001ab68bda810 JavaThread "C2 CompilerThread0" daemon [_thread_in_native, id=2156, stack(0x0000002396800000,0x0000002396900000)]
  0x000001ab68bfba70 JavaThread "C1 CompilerThread0" daemon [_thread_blocked, id=23156, stack(0x0000002396900000,0x0000002396a00000)]
  0x000001ab68bfe8a0 JavaThread "Sweeper thread" daemon [_thread_blocked, id=27948, stack(0x0000002396a00000,0x0000002396b00000)]
  0x000001ab68d4c540 JavaThread "Common-Cleaner" daemon [_thread_blocked, id=1144, stack(0x0000002396d00000,0x0000002396e00000)]
  0x000001ab68d4ca50 JavaThread "Notification Thread" daemon [_thread_blocked, id=9408, stack(0x0000002397100000,0x0000002397200000)]
  0x000001ab68d4bb20 JavaThread "Daemon health stats" [_thread_blocked, id=27488, stack(0x0000002397900000,0x0000002397a00000)]
  0x000001ab68d4cf60 JavaThread "Incoming local TCP Connector on port 57387" [_thread_in_native, id=27984, stack(0x0000002396f00000,0x0000002397000000)]
  0x000001ab68d4d470 JavaThread "Daemon periodic checks" [_thread_blocked, id=28104, stack(0x0000002397000000,0x0000002397100000)]
  0x000001ab68d4edc0 JavaThread "Daemon" [_thread_blocked, id=9676, stack(0x0000002397a00000,0x0000002397b00000)]
  0x000001ab68d4d980 JavaThread "Handler for socket connection from /127.0.0.1:57387 to /127.0.0.1:57388" [_thread_in_native, id=9732, stack(0x0000002397b00000,0x0000002397c00000)]
  0x000001ab68d4c030 JavaThread "Cancel handler" [_thread_blocked, id=6688, stack(0x0000002397800000,0x0000002397900000)]
  0x000001ab68d4de90 JavaThread "Daemon worker" [_thread_in_vm, id=21396, stack(0x0000002397c00000,0x0000002397d00000)]
  0x000001ab68d4f2d0 JavaThread "Asynchronous log dispatcher for DefaultDaemonConnection: socket connection from /127.0.0.1:57387 to /127.0.0.1:57388" [_thread_blocked, id=26064, stack(0x0000002397d00000,0x0000002397e00000)]
  0x000001ab68d4e3a0 JavaThread "Stdin handler" [_thread_blocked, id=17028, stack(0x0000002397e00000,0x0000002397f00000)]
  0x000001ab68d4e8b0 JavaThread "Daemon client event forwarder" [_thread_blocked, id=10588, stack(0x0000002397f00000,0x0000002398000000)]
  0x000001ab6ef6a680 JavaThread "Cache worker for journal cache (C:\Users\vanam\.gradle\caches\journal-1)" [_thread_blocked, id=5908, stack(0x0000002398100000,0x0000002398200000)]
  0x000001ab6ef69240 JavaThread "File lock request listener" [_thread_in_native, id=12720, stack(0x0000002398200000,0x0000002398300000)]
  0x000001ab6ef673e0 JavaThread "Cache worker for file hash cache (C:\Users\vanam\.gradle\caches\8.6\fileHashes)" [_thread_blocked, id=8920, stack(0x0000002398300000,0x0000002398400000)]
  0x000001ab6ef678f0 JavaThread "File watcher server" daemon [_thread_in_native, id=3808, stack(0x0000002398400000,0x0000002398500000)]
  0x000001ab6ef68d30 JavaThread "File watcher consumer" daemon [_thread_blocked, id=28656, stack(0x0000002398d00000,0x0000002398e00000)]
  0x000001ab6ef6de30 JavaThread "Cache worker for checksums cache (E:\clickSolver\userapp1\android\.gradle\8.6\checksums)" [_thread_blocked, id=23464, stack(0x0000002399000000,0x0000002399100000)]
  0x000001ab6ef69750 JavaThread "Cache worker for file hash cache (E:\clickSolver\userapp1\android\.gradle\8.6\fileHashes)" [_thread_blocked, id=26144, stack(0x0000002399100000,0x0000002399200000)]
  0x000001ab6ef6c4e0 JavaThread "Cache worker for cache directory md-supplier (C:\Users\vanam\.gradle\caches\8.6\md-supplier)" [_thread_blocked, id=10036, stack(0x0000002399200000,0x0000002399300000)]
  0x000001ab6ef69c60 JavaThread "Cache worker for cache directory md-rule (C:\Users\vanam\.gradle\caches\8.6\md-rule)" [_thread_blocked, id=7332, stack(0x0000002399300000,0x0000002399400000)]
  0x000001ab6ef6a170 JavaThread "Cache worker for file content cache (C:\Users\vanam\.gradle\caches\8.6\fileContent)" [_thread_blocked, id=27196, stack(0x0000002399400000,0x0000002399500000)]
  0x000001ab6ef6bac0 JavaThread "jar transforms" [_thread_blocked, id=28136, stack(0x0000002399700000,0x0000002399800000)]
  0x000001ab6ef6c9f0 JavaThread "jar transforms Thread 2" [_thread_blocked, id=21696, stack(0x0000002396e00000,0x0000002396f00000)]
  0x000001ab6ef68310 JavaThread "jar transforms Thread 3" [_thread_blocked, id=27852, stack(0x0000002399800000,0x0000002399900000)]
  0x000001ab71f4bb00 JavaThread "jar transforms Thread 4" [_thread_blocked, id=28296, stack(0x0000002399900000,0x0000002399a00000)]
  0x000001ab71f4c010 JavaThread "jar transforms Thread 5" [_thread_blocked, id=21096, stack(0x0000002399600000,0x0000002399700000)]
  0x000001ab71f4c520 JavaThread "jar transforms Thread 6" [_thread_blocked, id=18424, stack(0x0000002399b00000,0x0000002399c00000)]
  0x000001ab71f48350 JavaThread "Unconstrained build operations" [_thread_blocked, id=11940, stack(0x0000002395900000,0x0000002395a00000)]
  0x000001ab71f46f10 JavaThread "Unconstrained build operations Thread 2" [_thread_blocked, id=13932, stack(0x0000002395a00000,0x0000002395b00000)]
  0x000001ab71f450b0 JavaThread "jar transforms Thread 7" [_thread_blocked, id=23656, stack(0x0000002399e00000,0x0000002399f00000)]
  0x000001ab71f45fe0 JavaThread "jar transforms Thread 8" [_thread_blocked, id=21880, stack(0x0000002399f00000,0x000000239a000000)]
  0x000001ab71f4abd0 JavaThread "Cache worker for Build Output Cleanup Cache (E:\clickSolver\userapp1\node_modules\@react-native\gradle-plugin\.gradle\buildOutputCleanup)" [_thread_blocked, id=17612, stack(0x0000002399d00000,0x0000002399e00000)]
  0x000001ab71f47420 JavaThread "jar transforms Thread 9" [_thread_blocked, id=15100, stack(0x000000239a100000,0x000000239a200000)]
  0x000001ab71f48860 JavaThread "jar transforms Thread 10" [_thread_blocked, id=14268, stack(0x000000239a200000,0x000000239a300000)]
  0x000001ab71f48d70 JavaThread "Unconstrained build operations Thread 3" [_thread_blocked, id=15904, stack(0x0000002398c00000,0x0000002398d00000)]
  0x000001ab71f49790 JavaThread "Unconstrained build operations Thread 4" [_thread_blocked, id=15996, stack(0x000000239a000000,0x000000239a100000)]
  0x000001ab71f4b0e0 JavaThread "Unconstrained build operations Thread 5" [_thread_blocked, id=27168, stack(0x000000239a300000,0x000000239a400000)]
  0x000001ab71f49ca0 JavaThread "Unconstrained build operations Thread 6" [_thread_blocked, id=21328, stack(0x000000239a400000,0x000000239a500000)]
  0x000001ab71f45ad0 JavaThread "Unconstrained build operations Thread 7" [_thread_blocked, id=15896, stack(0x000000239a500000,0x000000239a600000)]
  0x000001ab71f4a1b0 JavaThread "Unconstrained build operations Thread 8" [_thread_blocked, id=26272, stack(0x000000239a600000,0x000000239a700000)]
  0x000001ab71f4ca30 JavaThread "Unconstrained build operations Thread 9" [_thread_blocked, id=20392, stack(0x000000239a700000,0x000000239a800000)]
  0x000001ab71f455c0 JavaThread "Unconstrained build operations Thread 10" [_thread_blocked, id=27792, stack(0x000000239a800000,0x000000239a900000)]
  0x000001ab71f4b5f0 JavaThread "Unconstrained build operations Thread 11" [_thread_blocked, id=21604, stack(0x000000239a900000,0x000000239aa00000)]
  0x000001ab71f4a6c0 JavaThread "Unconstrained build operations Thread 12" [_thread_blocked, id=8324, stack(0x000000239aa00000,0x000000239ab00000)]
  0x000001ab6ef6d920 JavaThread "Unconstrained build operations Thread 13" [_thread_blocked, id=21256, stack(0x000000239ab00000,0x000000239ac00000)]
  0x000001ab6fbb3c90 JavaThread "Unconstrained build operations Thread 14" [_thread_blocked, id=25560, stack(0x000000239ac00000,0x000000239ad00000)]
  0x000001ab6fbb41a0 JavaThread "Unconstrained build operations Thread 15" [_thread_blocked, id=25564, stack(0x000000239ad00000,0x000000239ae00000)]
  0x000001ab6fbb6000 JavaThread "Unconstrained build operations Thread 16" [_thread_blocked, id=15724, stack(0x000000239ae00000,0x000000239af00000)]
  0x000001ab6fbb3780 JavaThread "Unconstrained build operations Thread 17" [_thread_blocked, id=26836, stack(0x000000239af00000,0x000000239b000000)]
  0x000001ab6fbb46b0 JavaThread "File lock release action executor Thread 2" [_thread_blocked, id=23192, stack(0x000000239b100000,0x000000239b200000)]
  0x000001ab6fbb4bc0 JavaThread "build event listener" [_thread_blocked, id=6552, stack(0x000000239b200000,0x000000239b300000)]
  0x000001ab6fbb50d0 JavaThread "Memory manager" [_thread_blocked, id=27028, stack(0x0000002399c00000,0x0000002399d00000)]
  0x000001ab6fbb3270 JavaThread "jar transforms Thread 11" [_thread_blocked, id=18388, stack(0x000000239b300000,0x000000239b400000)]
  0x000001ab6f0fa750 JavaThread "jar transforms Thread 12" [_thread_blocked, id=24892, stack(0x000000239b400000,0x000000239b500000)]
  0x000001ab6f0f9310 JavaThread "jar transforms Thread 13" [_thread_blocked, id=9032, stack(0x000000239b000000,0x000000239b100000)]
  0x000001ab6f0f6a90 JavaThread "Cache worker for Build Output Cleanup Cache (E:\clickSolver\userapp1\android\.gradle\buildOutputCleanup)" [_thread_blocked, id=24856, stack(0x0000002396c00000,0x0000002396d00000)]
  0x000001ab6f0fb170 JavaThread "ForkJoinPool.commonPool-worker-1" daemon [_thread_blocked, id=15824, stack(0x000000239b700000,0x000000239b800000)]
  0x000001ab6f0fb680 JavaThread "ForkJoinPool.commonPool-worker-2" daemon [_thread_blocked, id=11876, stack(0x000000239b800000,0x000000239b900000)]
  0x000001ab6f0fcfd0 JavaThread "ForkJoinPool.commonPool-worker-3" daemon [_thread_blocked, id=3772, stack(0x000000239b900000,0x000000239ba00000)]
  0x000001ab6f0fcac0 JavaThread "ForkJoinPool.commonPool-worker-4" daemon [_thread_blocked, id=5040, stack(0x000000239ba00000,0x000000239bb00000)]
  0x000001ab6f0fa240 JavaThread "ForkJoinPool.commonPool-worker-5" daemon [_thread_blocked, id=21608, stack(0x000000239bb00000,0x000000239bc00000)]
  0x000001ab6f0f9820 JavaThread "ForkJoinPool.commonPool-worker-6" daemon [_thread_blocked, id=24288, stack(0x000000239bc00000,0x000000239bd00000)]
  0x000001ab6f0f8e00 JavaThread "ForkJoinPool.commonPool-worker-7" daemon [_thread_blocked, id=16704, stack(0x000000239bd00000,0x000000239be00000)]
  0x000001ab6f0f6070 JavaThread "ForkJoinPool.commonPool-worker-8" daemon [_thread_blocked, id=12244, stack(0x000000239be00000,0x000000239bf00000)]
  0x000001ab6f0fd9f0 JavaThread "ForkJoinPool.commonPool-worker-9" daemon [_thread_blocked, id=15792, stack(0x000000239bf00000,0x000000239c000000)]
  0x000001ab6f0f79c0 JavaThread "Exec process Thread 4" daemon [_thread_blocked, id=13956, stack(0x000000239c000000,0x000000239c100000)]
  0x000001ab6f0fd4e0 JavaThread "ForkJoinPool.commonPool-worker-10" daemon [_thread_blocked, id=11956, stack(0x000000239c100000,0x000000239c200000)]
  0x000001ab6f0f6fa0 JavaThread "Exec process Thread 5" daemon [_thread_blocked, id=22288, stack(0x000000239c200000,0x000000239c300000)]
  0x000001ab6f0f6580 JavaThread "Exec process Thread 6" daemon [_thread_blocked, id=27016, stack(0x000000239c300000,0x000000239c400000)]
  0x000001ab6f0f74b0 JavaThread "ForkJoinPool.commonPool-worker-11" daemon [_thread_blocked, id=25072, stack(0x000000239c400000,0x000000239c500000)]
  0x000001ab6f0f9d30 JavaThread "included builds" [_thread_blocked, id=7180, stack(0x000000239b500000,0x000000239b600000)]
  0x000001ab6f0f7ed0 JavaThread "Execution worker" [_thread_blocked, id=26000, stack(0x000000239b600000,0x000000239b700000)]
  0x000001ab6f0fac60 JavaThread "Execution worker Thread 2" [_thread_blocked, id=21684, stack(0x000000239c500000,0x000000239c600000)]
  0x000001ab6f0f83e0 JavaThread "Execution worker Thread 3" [_thread_blocked, id=23208, stack(0x000000239c600000,0x000000239c700000)]
  0x000001ab6f0fbb90 JavaThread "Execution worker Thread 4" [_thread_blocked, id=11184, stack(0x000000239c700000,0x000000239c800000)]
  0x000001ab6f0fc5b0 JavaThread "Execution worker Thread 5" [_thread_blocked, id=20960, stack(0x000000239c800000,0x000000239c900000)]
  0x000001ab6f0f88f0 JavaThread "Execution worker Thread 6" [_thread_blocked, id=27392, stack(0x000000239c900000,0x000000239ca00000)]
  0x000001ab6f0fc0a0 JavaThread "Execution worker Thread 7" [_thread_blocked, id=1796, stack(0x000000239ca00000,0x000000239cb00000)]
  0x000001ab71f46a00 JavaThread "Execution worker Thread 8" [_thread_blocked, id=12840, stack(0x000000239cb00000,0x000000239cc00000)]
  0x000001ab71f47930 JavaThread "Execution worker Thread 9" [_thread_blocked, id=27344, stack(0x000000239cc00000,0x000000239cd00000)]
  0x000001ab71f47e40 JavaThread "Execution worker Thread 10" [_thread_blocked, id=15708, stack(0x000000239cd00000,0x000000239ce00000)]
  0x000001ab7299e770 JavaThread "Execution worker Thread 11" [_thread_blocked, id=14828, stack(0x000000239ce00000,0x000000239cf00000)]
  0x000001ab7299afc0 JavaThread "Execution worker Thread 12" [_thread_blocked, id=15184, stack(0x000000239cf00000,0x000000239d000000)]
  0x000001ab7299ec80 JavaThread "Execution worker Thread 13" [_thread_blocked, id=2628, stack(0x000000239d000000,0x000000239d100000)]
  0x000001ab72998230 JavaThread "Execution worker Thread 14" [_thread_blocked, id=13972, stack(0x000000239d100000,0x000000239d200000)]
  0x000001ab72999160 JavaThread "Execution worker Thread 15" [_thread_blocked, id=28172, stack(0x000000239d200000,0x000000239d300000)]
  0x000001ab7299d330 JavaThread "Cache worker for execution history cache (E:\clickSolver\userapp1\node_modules\@react-native\gradle-plugin\.gradle\8.6\executionHistory)" [_thread_blocked, id=15644, stack(0x000000239d300000,0x000000239d400000)]
  0x000001ab7299f190 JavaThread "Unconstrained build operations Thread 18" [_thread_blocked, id=16488, stack(0x000000239d500000,0x000000239d600000)]
  0x000001ab7299a090 JavaThread "Unconstrained build operations Thread 19" [_thread_blocked, id=976, stack(0x000000239d600000,0x000000239d700000)]
  0x000001ab7299c400 JavaThread "Unconstrained build operations Thread 20" [_thread_blocked, id=6384, stack(0x000000239d700000,0x000000239d800000)]
  0x000001ab72998c50 JavaThread "Unconstrained build operations Thread 21" [_thread_blocked, id=12600, stack(0x000000239d800000,0x000000239d900000)]
  0x000001ab7299aab0 JavaThread "Unconstrained build operations Thread 22" [_thread_blocked, id=3052, stack(0x000000239d900000,0x000000239da00000)]
  0x000001ab72997d20 JavaThread "Unconstrained build operations Thread 23" [_thread_blocked, id=14272, stack(0x000000239da00000,0x000000239db00000)]
  0x000001ab7299a5a0 JavaThread "Unconstrained build operations Thread 24" [_thread_blocked, id=1768, stack(0x000000239db00000,0x000000239dc00000)]
  0x000001ab7299f6a0 JavaThread "Unconstrained build operations Thread 25" [_thread_blocked, id=17060, stack(0x000000239dc00000,0x000000239dd00000)]
  0x000001ab7299bef0 JavaThread "Unconstrained build operations Thread 26" [_thread_blocked, id=9164, stack(0x000000239dd00000,0x000000239de00000)]
  0x000001ab7299e260 JavaThread "Unconstrained build operations Thread 27" [_thread_blocked, id=27040, stack(0x000000239de00000,0x000000239df00000)]
  0x000001ab72998740 JavaThread "Unconstrained build operations Thread 28" [_thread_blocked, id=28388, stack(0x000000239df00000,0x000000239e000000)]
  0x000001ab72999670 JavaThread "Unconstrained build operations Thread 29" [_thread_blocked, id=16412, stack(0x000000239e000000,0x000000239e100000)]
  0x000001ab7299c910 JavaThread "Unconstrained build operations Thread 30" [_thread_blocked, id=21516, stack(0x000000239e100000,0x000000239e200000)]
  0x000001ab7299b4d0 JavaThread "Unconstrained build operations Thread 31" [_thread_blocked, id=27036, stack(0x000000239e200000,0x000000239e300000)]
  0x000001ab72999b80 JavaThread "Unconstrained build operations Thread 32" [_thread_blocked, id=21512, stack(0x000000239e300000,0x000000239e400000)]
  0x000001ab7299b9e0 JavaThread "Unconstrained build operations Thread 33" [_thread_blocked, id=1044, stack(0x000000239e400000,0x000000239e500000)]
  0x000001ab7299ce20 JavaThread "Unconstrained build operations Thread 34" [_thread_blocked, id=18532, stack(0x000000239e500000,0x000000239e600000)]
  0x000001ab7299d840 JavaThread "Unconstrained build operations Thread 35" [_thread_blocked, id=25236, stack(0x000000239e600000,0x000000239e700000)]
  0x000001ab7299dd50 JavaThread "Unconstrained build operations Thread 36" [_thread_blocked, id=23972, stack(0x000000239e700000,0x000000239e800000)]
  0x000001ab6e405b90 JavaThread "Unconstrained build operations Thread 37" [_thread_blocked, id=22888, stack(0x000000239e800000,0x000000239e900000)]
  0x000001ab6e403310 JavaThread "Unconstrained build operations Thread 38" [_thread_blocked, id=25792, stack(0x000000239e900000,0x000000239ea00000)]
  0x000001ab6e405680 JavaThread "Unconstrained build operations Thread 39" [_thread_blocked, id=21384, stack(0x000000239ea00000,0x000000239eb00000)]
  0x000001ab6e401ed0 JavaThread "Unconstrained build operations Thread 40" [_thread_blocked, id=924, stack(0x000000239eb00000,0x000000239ec00000)]
  0x000001ab6e403d30 JavaThread "Unconstrained build operations Thread 41" [_thread_blocked, id=24036, stack(0x000000239ec00000,0x000000239ed00000)]
  0x000001ab6e4060a0 JavaThread "Unconstrained build operations Thread 42" [_thread_blocked, id=25088, stack(0x000000239ed00000,0x000000239ee00000)]
  0x000001ab6e408410 JavaThread "Unconstrained build operations Thread 43" [_thread_blocked, id=16780, stack(0x000000239ee00000,0x000000239ef00000)]
  0x000001ab6e4065b0 JavaThread "Unconstrained build operations Thread 44" [_thread_blocked, id=16348, stack(0x000000239ef00000,0x000000239f000000)]
  0x000001ab6e406ac0 JavaThread "Unconstrained build operations Thread 45" [_thread_blocked, id=8656, stack(0x000000239f000000,0x000000239f100000)]
  0x000001ab6e403820 JavaThread "Unconstrained build operations Thread 46" [_thread_blocked, id=912, stack(0x000000239f100000,0x000000239f200000)]
  0x000001ab6e404240 JavaThread "Unconstrained build operations Thread 47" [_thread_blocked, id=13916, stack(0x000000239f200000,0x000000239f300000)]
  0x000001ab6e4074e0 JavaThread "Unconstrained build operations Thread 48" [_thread_blocked, id=16476, stack(0x000000239f300000,0x000000239f400000)]
  0x000001ab6e400fa0 JavaThread "Unconstrained build operations Thread 49" [_thread_blocked, id=3412, stack(0x000000239f400000,0x000000239f500000)]
  0x000001ab6e4023e0 JavaThread "Unconstrained build operations Thread 50" [_thread_blocked, id=25932, stack(0x000000239d400000,0x000000239d500000)]
  0x000001ab6e406fd0 JavaThread "Unconstrained build operations Thread 51" [_thread_blocked, id=9336, stack(0x000000239f500000,0x000000239f600000)]
  0x000001ab6e4079f0 JavaThread "Unconstrained build operations Thread 52" [_thread_blocked, id=18036, stack(0x000000239f600000,0x000000239f700000)]
  0x000001ab6e404750 JavaThread "Unconstrained build operations Thread 53" [_thread_blocked, id=18796, stack(0x000000239f700000,0x000000239f800000)]
  0x000001ab6e4019c0 JavaThread "Unconstrained build operations Thread 54" [_thread_blocked, id=15992, stack(0x000000239f800000,0x000000239f900000)]
  0x000001ab6e407f00 JavaThread "Unconstrained build operations Thread 55" [_thread_blocked, id=28208, stack(0x000000239f900000,0x000000239fa00000)]
  0x000001ab6e408920 JavaThread "Unconstrained build operations Thread 56" [_thread_blocked, id=23312, stack(0x000000239fa00000,0x000000239fb00000)]
  0x000001ab6e4014b0 JavaThread "Unconstrained build operations Thread 57" [_thread_blocked, id=28244, stack(0x000000239fb00000,0x000000239fc00000)]
  0x000001ab6e402e00 JavaThread "Unconstrained build operations Thread 58" [_thread_blocked, id=15020, stack(0x000000239fc00000,0x000000239fd00000)]
  0x000001ab6e4028f0 JavaThread "Unconstrained build operations Thread 59" [_thread_blocked, id=27232, stack(0x000000239fd00000,0x000000239fe00000)]
  0x000001ab6e404c60 JavaThread "Unconstrained build operations Thread 60" [_thread_blocked, id=21180, stack(0x000000239ff00000,0x00000023a0000000)]
  0x000001ab6e405170 JavaThread "Unconstrained build operations Thread 61" [_thread_blocked, id=10420, stack(0x00000023a0000000,0x00000023a0100000)]
  0x000001ab71546400 JavaThread "Unconstrained build operations Thread 62" [_thread_blocked, id=7588, stack(0x00000023a0100000,0x00000023a0200000)]
  0x000001ab71540df0 JavaThread "Unconstrained build operations Thread 63" [_thread_blocked, id=23476, stack(0x00000023a0200000,0x00000023a0300000)]
  0x000001ab71542740 JavaThread "Unconstrained build operations Thread 64" [_thread_blocked, id=9804, stack(0x00000023a0300000,0x00000023a0400000)]
  0x000001ab71541810 JavaThread "jar transforms Thread 14" [_thread_blocked, id=10668, stack(0x00000023a0600000,0x00000023a0700000)]
  0x000001ab71543b80 JavaThread "jar transforms Thread 15" [_thread_blocked, id=22248, stack(0x000000239fe00000,0x000000239ff00000)]
  0x000001ab71541d20 JavaThread "jar transforms Thread 16" [_thread_blocked, id=3832, stack(0x00000023a0500000,0x00000023a0600000)]
  0x000001ab6ffba5b0 JavaThread "C1 CompilerThread1" daemon [_thread_blocked, id=20308, stack(0x0000002398000000,0x0000002398100000)]
  0x000001ab71547330 JavaThread "build event listener" [_thread_blocked, id=23620, stack(0x0000002395800000,0x0000002395900000)]
  0x000001ab6ffbab00 JavaThread "C2 CompilerThread1" daemon [_thread_in_native, id=27748, stack(0x0000002399a00000,0x0000002399b00000)]
=>0x000001ab6ffc0aa0 JavaThread "C2 CompilerThread2" daemon [_thread_in_native, id=13284, stack(0x00000023a0400000,0x00000023a0500000)]
  0x000001ab6ffbeac0 JavaThread "C2 CompilerThread3" daemon [_thread_blocked, id=24508, stack(0x00000023a0700000,0x00000023a0800000)]

Other Threads:
  0x000001ab68bd2010 VMThread "VM Thread" [stack: 0x0000002396100000,0x0000002396200000] [id=25352]
  0x000001ab68ec0fc0 WatcherThread [stack: 0x0000002397200000,0x0000002397300000] [id=14412]
  0x000001ab49e06a30 GCTaskThread "GC Thread#0" [stack: 0x0000002395c00000,0x0000002395d00000] [id=2776]
  0x000001ab6e5097b0 GCTaskThread "GC Thread#1" [stack: 0x0000002397300000,0x0000002397400000] [id=20620]
  0x000001ab6e509e80 GCTaskThread "GC Thread#2" [stack: 0x0000002397400000,0x0000002397500000] [id=5184]
  0x000001ab6de015e0 GCTaskThread "GC Thread#3" [stack: 0x0000002397500000,0x0000002397600000] [id=19992]
  0x000001ab6de018a0 GCTaskThread "GC Thread#4" [stack: 0x0000002397600000,0x0000002397700000] [id=28128]
  0x000001ab6de01b60 GCTaskThread "GC Thread#5" [stack: 0x0000002397700000,0x0000002397800000] [id=15056]
  0x000001ab712dc750 GCTaskThread "GC Thread#6" [stack: 0x0000002398500000,0x0000002398600000] [id=9820]
  0x000001ab716e8a60 GCTaskThread "GC Thread#7" [stack: 0x0000002398600000,0x0000002398700000] [id=11548]
  0x000001ab6fb8b4c0 GCTaskThread "GC Thread#8" [stack: 0x0000002398700000,0x0000002398800000] [id=15348]
  0x000001ab6f035920 GCTaskThread "GC Thread#9" [stack: 0x0000002398800000,0x0000002398900000] [id=10160]
  0x000001ab6ebb3690 GCTaskThread "GC Thread#10" [stack: 0x0000002398900000,0x0000002398a00000] [id=15072]
  0x000001ab6f9fc220 GCTaskThread "GC Thread#11" [stack: 0x0000002398a00000,0x0000002398b00000] [id=17288]
  0x000001ab6f9fcd20 GCTaskThread "GC Thread#12" [stack: 0x0000002398b00000,0x0000002398c00000] [id=18028]
  0x000001ab49e18fa0 ConcurrentGCThread "G1 Main Marker" [stack: 0x0000002395d00000,0x0000002395e00000] [id=14772]
  0x000001ab49e199b0 ConcurrentGCThread "G1 Conc#0" [stack: 0x0000002395e00000,0x0000002395f00000] [id=16004]
  0x000001ab6f9fcfe0 ConcurrentGCThread "G1 Conc#1" [stack: 0x0000002398e00000,0x0000002398f00000] [id=11160]
  0x000001ab6f9fd820 ConcurrentGCThread "G1 Conc#2" [stack: 0x0000002398f00000,0x0000002399000000] [id=28120]
  0x000001ab49e6e260 ConcurrentGCThread "G1 Refine#0" [stack: 0x0000002395f00000,0x0000002396000000] [id=22216]
  0x000001ab49e6ec90 ConcurrentGCThread "G1 Service" [stack: 0x0000002396000000,0x0000002396100000] [id=26948]

Threads with active compile tasks:
C2 CompilerThread0   132747 11089       4       org.gradle.internal.reflect.ClassInspector::inspectClass (179 bytes)
C2 CompilerThread1   132747 11173       4       org.gradle.internal.time.MonotonicClock::getCurrentTime (70 bytes)
C2 CompilerThread2   132747 11105   !   4       com.google.common.cache.LocalCache$Segment::runLockedCleanup (39 bytes)

VM state: not at safepoint (normal execution)

VM Mutex/Monitor currently owned by a thread: None

Heap address: 0x0000000080000000, size: 2048 MB, Compressed Oops mode: 32-bit

CDS archive(s) mapped at: [0x000001ab00000000-0x000001ab00bd0000-0x000001ab00bd0000), size 12386304, SharedBaseAddress: 0x000001ab00000000, ArchiveRelocationMode: 1.
Compressed class space mapped at: 0x000001ab01000000-0x000001ab1b000000, reserved size: 436207616
Narrow klass base: 0x000001ab00000000, Narrow klass shift: 0, Narrow klass range: 0x100000000

GC Precious Log:
 CPUs: 16 total, 16 available
 Memory: 16068M
 Large Page Support: Disabled
 NUMA Support: Disabled
 Compressed Oops: Enabled (32-bit)
 Heap Region Size: 1M
 Heap Min Capacity: 8M
 Heap Initial Capacity: 252M
 Heap Max Capacity: 2G
 Pre-touch: Disabled
 Parallel Workers: 13
 Concurrent Workers: 3
 Concurrent Refinement Workers: 13
 Periodic GC: Disabled

Heap:
 garbage-first heap   total 193536K, used 138951K [0x0000000080000000, 0x0000000100000000)
  region size 1024K, 50 young (51200K), 7 survivors (7168K)
 Metaspace       used 80965K, committed 81664K, reserved 557056K
  class space    used 11290K, committed 11648K, reserved 425984K

Heap Regions: E=young(eden), S=young(survivor), O=old, HS=humongous(starts), HC=humongous(continues), CS=collection set, F=free, OA=open archive, CA=closed archive, TAMS=top-at-mark-start (previous, next)
|   0|0x0000000080000000, 0x0000000080100000, 0x0000000080100000|100%|HS|  |TAMS 0x0000000080100000, 0x0000000080100000| Complete 
|   1|0x0000000080100000, 0x0000000080200000, 0x0000000080200000|100%|HC|  |TAMS 0x0000000080200000, 0x0000000080200000| Complete 
|   2|0x0000000080200000, 0x0000000080300000, 0x0000000080300000|100%|HC|  |TAMS 0x0000000080300000, 0x0000000080300000| Complete 
|   3|0x0000000080300000, 0x0000000080400000, 0x0000000080400000|100%|HC|  |TAMS 0x0000000080400000, 0x0000000080400000| Complete 
|   4|0x0000000080400000, 0x0000000080500000, 0x0000000080500000|100%| O|  |TAMS 0x0000000080500000, 0x0000000080500000| Untracked 
|   5|0x0000000080500000, 0x0000000080600000, 0x0000000080600000|100%| O|  |TAMS 0x0000000080600000, 0x0000000080600000| Untracked 
|   6|0x0000000080600000, 0x0000000080700000, 0x0000000080700000|100%| O|  |TAMS 0x0000000080700000, 0x0000000080700000| Untracked 
|   7|0x0000000080700000, 0x0000000080800000, 0x0000000080800000|100%| O|  |TAMS 0x0000000080800000, 0x0000000080800000| Untracked 
|   8|0x0000000080800000, 0x0000000080900000, 0x0000000080900000|100%| O|  |TAMS 0x0000000080900000, 0x0000000080900000| Untracked 
|   9|0x0000000080900000, 0x0000000080a00000, 0x0000000080a00000|100%| O|  |TAMS 0x0000000080a00000, 0x0000000080a00000| Untracked 
|  10|0x0000000080a00000, 0x0000000080b00000, 0x0000000080b00000|100%| O|  |TAMS 0x0000000080b00000, 0x0000000080b00000| Untracked 
|  11|0x0000000080b00000, 0x0000000080c00000, 0x0000000080c00000|100%| O|  |TAMS 0x0000000080c00000, 0x0000000080c00000| Untracked 
|  12|0x0000000080c00000, 0x0000000080d00000, 0x0000000080d00000|100%| O|  |TAMS 0x0000000080d00000, 0x0000000080d00000| Untracked 
|  13|0x0000000080d00000, 0x0000000080e00000, 0x0000000080e00000|100%| O|  |TAMS 0x0000000080e00000, 0x0000000080e00000| Untracked 
|  14|0x0000000080e00000, 0x0000000080f00000, 0x0000000080f00000|100%| O|  |TAMS 0x0000000080f00000, 0x0000000080f00000| Untracked 
|  15|0x0000000080f00000, 0x0000000081000000, 0x0000000081000000|100%| O|  |TAMS 0x0000000081000000, 0x0000000081000000| Untracked 
|  16|0x0000000081000000, 0x0000000081100000, 0x0000000081100000|100%| O|  |TAMS 0x0000000081100000, 0x0000000081100000| Untracked 
|  17|0x0000000081100000, 0x0000000081200000, 0x0000000081200000|100%| O|  |TAMS 0x0000000081200000, 0x0000000081200000| Untracked 
|  18|0x0000000081200000, 0x0000000081300000, 0x0000000081300000|100%| O|  |TAMS 0x0000000081300000, 0x0000000081300000| Untracked 
|  19|0x0000000081300000, 0x0000000081400000, 0x0000000081400000|100%| O|  |TAMS 0x0000000081400000, 0x0000000081400000| Untracked 
|  20|0x0000000081400000, 0x0000000081500000, 0x0000000081500000|100%| O|  |TAMS 0x0000000081500000, 0x0000000081500000| Untracked 
|  21|0x0000000081500000, 0x0000000081600000, 0x0000000081600000|100%| O|  |TAMS 0x0000000081500000, 0x0000000081600000| Untracked 
|  22|0x0000000081600000, 0x0000000081700000, 0x0000000081700000|100%| O|  |TAMS 0x0000000081700000, 0x0000000081700000| Untracked 
|  23|0x0000000081700000, 0x0000000081800000, 0x0000000081800000|100%| O|  |TAMS 0x0000000081800000, 0x0000000081800000| Untracked 
|  24|0x0000000081800000, 0x0000000081900000, 0x0000000081900000|100%| O|  |TAMS 0x0000000081900000, 0x0000000081900000| Untracked 
|  25|0x0000000081900000, 0x0000000081a00000, 0x0000000081a00000|100%| O|  |TAMS 0x0000000081a00000, 0x0000000081a00000| Untracked 
|  26|0x0000000081a00000, 0x0000000081b00000, 0x0000000081b00000|100%| O|  |TAMS 0x0000000081b00000, 0x0000000081b00000| Untracked 
|  27|0x0000000081b00000, 0x0000000081c00000, 0x0000000081c00000|100%| O|  |TAMS 0x0000000081c00000, 0x0000000081c00000| Untracked 
|  28|0x0000000081c00000, 0x0000000081d00000, 0x0000000081d00000|100%| O|  |TAMS 0x0000000081d00000, 0x0000000081d00000| Untracked 
|  29|0x0000000081d00000, 0x0000000081e00000, 0x0000000081e00000|100%| O|  |TAMS 0x0000000081e00000, 0x0000000081e00000| Untracked 
|  30|0x0000000081e00000, 0x0000000081f00000, 0x0000000081f00000|100%| O|  |TAMS 0x0000000081f00000, 0x0000000081f00000| Untracked 
|  31|0x0000000081f00000, 0x0000000082000000, 0x0000000082000000|100%|HS|  |TAMS 0x0000000081f00000, 0x0000000081f00000| Complete 
|  32|0x0000000082000000, 0x0000000082100000, 0x0000000082100000|100%| O|  |TAMS 0x0000000082100000, 0x0000000082100000| Untracked 
|  33|0x0000000082100000, 0x0000000082200000, 0x0000000082200000|100%| O|  |TAMS 0x0000000082200000, 0x0000000082200000| Untracked 
|  34|0x0000000082200000, 0x0000000082300000, 0x0000000082300000|100%| O|  |TAMS 0x0000000082300000, 0x0000000082300000| Untracked 
|  35|0x0000000082300000, 0x0000000082400000, 0x0000000082400000|100%|HS|  |TAMS 0x0000000082400000, 0x0000000082400000| Complete 
|  36|0x0000000082400000, 0x0000000082500000, 0x0000000082500000|100%|HC|  |TAMS 0x0000000082500000, 0x0000000082500000| Complete 
|  37|0x0000000082500000, 0x0000000082600000, 0x0000000082600000|100%| O|  |TAMS 0x0000000082600000, 0x0000000082600000| Untracked 
|  38|0x0000000082600000, 0x0000000082700000, 0x0000000082700000|100%| O|  |TAMS 0x0000000082700000, 0x0000000082700000| Untracked 
|  39|0x0000000082700000, 0x0000000082800000, 0x0000000082800000|100%| O|  |TAMS 0x0000000082800000, 0x0000000082800000| Untracked 
|  40|0x0000000082800000, 0x0000000082900000, 0x0000000082900000|100%| O|  |TAMS 0x0000000082900000, 0x0000000082900000| Untracked 
|  41|0x0000000082900000, 0x0000000082a00000, 0x0000000082a00000|100%|HS|  |TAMS 0x0000000082a00000, 0x0000000082a00000| Complete 
|  42|0x0000000082a00000, 0x0000000082b00000, 0x0000000082b00000|100%|HC|  |TAMS 0x0000000082b00000, 0x0000000082b00000| Complete 
|  43|0x0000000082b00000, 0x0000000082c00000, 0x0000000082c00000|100%| O|  |TAMS 0x0000000082c00000, 0x0000000082c00000| Untracked 
|  44|0x0000000082c00000, 0x0000000082d00000, 0x0000000082d00000|100%|HS|  |TAMS 0x0000000082d00000, 0x0000000082d00000| Complete 
|  45|0x0000000082d00000, 0x0000000082e00000, 0x0000000082e00000|100%|HC|  |TAMS 0x0000000082e00000, 0x0000000082e00000| Complete 
|  46|0x0000000082e00000, 0x0000000082f00000, 0x0000000082f00000|100%|HC|  |TAMS 0x0000000082f00000, 0x0000000082f00000| Complete 
|  47|0x0000000082f00000, 0x0000000083000000, 0x0000000083000000|100%|HC|  |TAMS 0x0000000083000000, 0x0000000083000000| Complete 
|  48|0x0000000083000000, 0x0000000083100000, 0x0000000083100000|100%|HS|  |TAMS 0x0000000083100000, 0x0000000083100000| Complete 
|  49|0x0000000083100000, 0x0000000083200000, 0x0000000083200000|100%|HC|  |TAMS 0x0000000083200000, 0x0000000083200000| Complete 
|  50|0x0000000083200000, 0x0000000083300000, 0x0000000083300000|100%|HC|  |TAMS 0x0000000083300000, 0x0000000083300000| Complete 
|  51|0x0000000083300000, 0x0000000083400000, 0x0000000083400000|100%|HC|  |TAMS 0x0000000083400000, 0x0000000083400000| Complete 
|  52|0x0000000083400000, 0x0000000083500000, 0x0000000083500000|100%| O|  |TAMS 0x0000000083500000, 0x0000000083500000| Untracked 
|  53|0x0000000083500000, 0x0000000083600000, 0x0000000083600000|100%| O|  |TAMS 0x0000000083600000, 0x0000000083600000| Untracked 
|  54|0x0000000083600000, 0x0000000083700000, 0x0000000083700000|100%| O|  |TAMS 0x0000000083700000, 0x0000000083700000| Untracked 
|  55|0x0000000083700000, 0x0000000083800000, 0x0000000083800000|100%| O|  |TAMS 0x0000000083800000, 0x0000000083800000| Untracked 
|  56|0x0000000083800000, 0x0000000083900000, 0x0000000083900000|100%| O|  |TAMS 0x0000000083900000, 0x0000000083900000| Untracked 
|  57|0x0000000083900000, 0x0000000083a00000, 0x0000000083a00000|100%| O|  |TAMS 0x0000000083a00000, 0x0000000083a00000| Untracked 
|  58|0x0000000083a00000, 0x0000000083b00000, 0x0000000083b00000|100%| O|  |TAMS 0x0000000083b00000, 0x0000000083b00000| Untracked 
|  59|0x0000000083b00000, 0x0000000083c00000, 0x0000000083c00000|100%| O|  |TAMS 0x0000000083c00000, 0x0000000083c00000| Untracked 
|  60|0x0000000083c00000, 0x0000000083d00000, 0x0000000083d00000|100%| O|  |TAMS 0x0000000083d00000, 0x0000000083d00000| Untracked 
|  61|0x0000000083d00000, 0x0000000083e00000, 0x0000000083e00000|100%| O|  |TAMS 0x0000000083e00000, 0x0000000083e00000| Untracked 
|  62|0x0000000083e00000, 0x0000000083f00000, 0x0000000083f00000|100%| O|  |TAMS 0x0000000083f00000, 0x0000000083f00000| Untracked 
|  63|0x0000000083f00000, 0x0000000084000000, 0x0000000084000000|100%| O|  |TAMS 0x0000000084000000, 0x0000000084000000| Untracked 
|  64|0x0000000084000000, 0x0000000084100000, 0x0000000084100000|100%| O|  |TAMS 0x0000000084100000, 0x0000000084100000| Untracked 
|  65|0x0000000084100000, 0x0000000084200000, 0x0000000084200000|100%| O|  |TAMS 0x0000000084200000, 0x0000000084200000| Untracked 
|  66|0x0000000084200000, 0x0000000084300000, 0x0000000084300000|100%| O|  |TAMS 0x0000000084300000, 0x0000000084300000| Untracked 
|  67|0x0000000084300000, 0x0000000084400000, 0x0000000084400000|100%| O|  |TAMS 0x0000000084400000, 0x0000000084400000| Untracked 
|  68|0x0000000084400000, 0x0000000084500000, 0x0000000084500000|100%| O|  |TAMS 0x0000000084445000, 0x0000000084500000| Untracked 
|  69|0x0000000084500000, 0x0000000084600000, 0x0000000084600000|100%| O|  |TAMS 0x0000000084500000, 0x0000000084600000| Untracked 
|  70|0x0000000084600000, 0x0000000084700000, 0x0000000084700000|100%| O|  |TAMS 0x0000000084600000, 0x0000000084700000| Untracked 
|  71|0x0000000084700000, 0x0000000084800000, 0x0000000084800000|100%| O|  |TAMS 0x0000000084700000, 0x0000000084800000| Untracked 
|  72|0x0000000084800000, 0x0000000084900000, 0x0000000084900000|100%| O|  |TAMS 0x0000000084800000, 0x00000000848ed000| Untracked 
|  73|0x0000000084900000, 0x0000000084a00000, 0x0000000084a00000|100%|HS|  |TAMS 0x0000000084900000, 0x0000000084900000| Complete 
|  74|0x0000000084a00000, 0x0000000084b00000, 0x0000000084b00000|100%|HS|  |TAMS 0x0000000084a00000, 0x0000000084a00000| Complete 
|  75|0x0000000084b00000, 0x0000000084b00000, 0x0000000084c00000|  0%| F|  |TAMS 0x0000000084b00000, 0x0000000084b00000| Untracked 
|  76|0x0000000084c00000, 0x0000000084d00000, 0x0000000084d00000|100%|HS|  |TAMS 0x0000000084c00000, 0x0000000084c00000| Complete 
|  77|0x0000000084d00000, 0x0000000084e00000, 0x0000000084e00000|100%|HS|  |TAMS 0x0000000084d00000, 0x0000000084d00000| Complete 
|  78|0x0000000084e00000, 0x0000000084e00000, 0x0000000084f00000|  0%| F|  |TAMS 0x0000000084e00000, 0x0000000084e00000| Untracked 
|  79|0x0000000084f00000, 0x0000000084f00000, 0x0000000085000000|  0%| F|  |TAMS 0x0000000084f00000, 0x0000000084f00000| Untracked 
|  80|0x0000000085000000, 0x0000000085000000, 0x0000000085100000|  0%| F|  |TAMS 0x0000000085000000, 0x0000000085000000| Untracked 
|  81|0x0000000085100000, 0x0000000085100000, 0x0000000085200000|  0%| F|  |TAMS 0x0000000085100000, 0x0000000085100000| Untracked 
|  82|0x0000000085200000, 0x0000000085200000, 0x0000000085300000|  0%| F|  |TAMS 0x0000000085200000, 0x0000000085200000| Untracked 
|  83|0x0000000085300000, 0x0000000085400000, 0x0000000085400000|100%| O|  |TAMS 0x0000000085300000, 0x0000000085300000| Untracked 
|  84|0x0000000085400000, 0x0000000085500000, 0x0000000085500000|100%| O|  |TAMS 0x0000000085400000, 0x0000000085400000| Untracked 
|  85|0x0000000085500000, 0x0000000085600000, 0x0000000085600000|100%| O|  |TAMS 0x0000000085500000, 0x0000000085500000| Untracked 
|  86|0x0000000085600000, 0x0000000085700000, 0x0000000085700000|100%| O|  |TAMS 0x0000000085600000, 0x0000000085600000| Untracked 
|  87|0x0000000085700000, 0x0000000085800000, 0x0000000085800000|100%| O|  |TAMS 0x0000000085700000, 0x0000000085700000| Untracked 
|  88|0x0000000085800000, 0x0000000085900000, 0x0000000085900000|100%| O|  |TAMS 0x0000000085800000, 0x0000000085800000| Untracked 
|  89|0x0000000085900000, 0x0000000085a00000, 0x0000000085a00000|100%| O|  |TAMS 0x0000000085900000, 0x0000000085900000| Untracked 
|  90|0x0000000085a00000, 0x0000000085b00000, 0x0000000085b00000|100%| O|  |TAMS 0x0000000085a00000, 0x0000000085a00000| Untracked 
|  91|0x0000000085b00000, 0x0000000085c00000, 0x0000000085c00000|100%| O|  |TAMS 0x0000000085b00000, 0x0000000085b00000| Untracked 
|  92|0x0000000085c00000, 0x0000000085d00000, 0x0000000085d00000|100%| O|  |TAMS 0x0000000085c00000, 0x0000000085c00000| Untracked 
|  93|0x0000000085d00000, 0x0000000085d5d600, 0x0000000085e00000| 36%| O|  |TAMS 0x0000000085d00000, 0x0000000085d00000| Untracked 
|  94|0x0000000085e00000, 0x0000000085e00000, 0x0000000085f00000|  0%| F|  |TAMS 0x0000000085e00000, 0x0000000085e00000| Untracked 
|  95|0x0000000085f00000, 0x0000000085f00000, 0x0000000086000000|  0%| F|  |TAMS 0x0000000085f00000, 0x0000000085f00000| Untracked 
|  96|0x0000000086000000, 0x0000000086000000, 0x0000000086100000|  0%| F|  |TAMS 0x0000000086000000, 0x0000000086000000| Untracked 
|  97|0x0000000086100000, 0x0000000086100000, 0x0000000086200000|  0%| F|  |TAMS 0x0000000086100000, 0x0000000086100000| Untracked 
|  98|0x0000000086200000, 0x0000000086200000, 0x0000000086300000|  0%| F|  |TAMS 0x0000000086200000, 0x0000000086200000| Untracked 
|  99|0x0000000086300000, 0x0000000086300000, 0x0000000086400000|  0%| F|  |TAMS 0x0000000086300000, 0x0000000086300000| Untracked 
| 100|0x0000000086400000, 0x0000000086400000, 0x0000000086500000|  0%| F|  |TAMS 0x0000000086400000, 0x0000000086400000| Untracked 
| 101|0x0000000086500000, 0x0000000086500000, 0x0000000086600000|  0%| F|  |TAMS 0x0000000086500000, 0x0000000086500000| Untracked 
| 102|0x0000000086600000, 0x0000000086600000, 0x0000000086700000|  0%| F|  |TAMS 0x0000000086600000, 0x0000000086600000| Untracked 
| 103|0x0000000086700000, 0x0000000086700000, 0x0000000086800000|  0%| F|  |TAMS 0x0000000086700000, 0x0000000086700000| Untracked 
| 104|0x0000000086800000, 0x0000000086800000, 0x0000000086900000|  0%| F|  |TAMS 0x0000000086800000, 0x0000000086800000| Untracked 
| 105|0x0000000086900000, 0x0000000086900000, 0x0000000086a00000|  0%| F|  |TAMS 0x0000000086900000, 0x0000000086900000| Untracked 
| 106|0x0000000086a00000, 0x0000000086a00000, 0x0000000086b00000|  0%| F|  |TAMS 0x0000000086a00000, 0x0000000086a00000| Untracked 
| 107|0x0000000086b00000, 0x0000000086b00000, 0x0000000086c00000|  0%| F|  |TAMS 0x0000000086b00000, 0x0000000086b00000| Untracked 
| 108|0x0000000086c00000, 0x0000000086c00000, 0x0000000086d00000|  0%| F|  |TAMS 0x0000000086c00000, 0x0000000086c00000| Untracked 
| 109|0x0000000086d00000, 0x0000000086d00000, 0x0000000086e00000|  0%| F|  |TAMS 0x0000000086d00000, 0x0000000086d00000| Untracked 
| 110|0x0000000086e00000, 0x0000000086e00000, 0x0000000086f00000|  0%| F|  |TAMS 0x0000000086e00000, 0x0000000086e00000| Untracked 
| 111|0x0000000086f00000, 0x0000000086f00000, 0x0000000087000000|  0%| F|  |TAMS 0x0000000086f00000, 0x0000000086f00000| Untracked 
| 112|0x0000000087000000, 0x0000000087000000, 0x0000000087100000|  0%| F|  |TAMS 0x0000000087000000, 0x0000000087000000| Untracked 
| 113|0x0000000087100000, 0x0000000087100000, 0x0000000087200000|  0%| F|  |TAMS 0x0000000087100000, 0x0000000087100000| Untracked 
| 114|0x0000000087200000, 0x0000000087200000, 0x0000000087300000|  0%| F|  |TAMS 0x0000000087200000, 0x0000000087200000| Untracked 
| 115|0x0000000087300000, 0x0000000087300000, 0x0000000087400000|  0%| F|  |TAMS 0x0000000087300000, 0x0000000087300000| Untracked 
| 116|0x0000000087400000, 0x0000000087400000, 0x0000000087500000|  0%| F|  |TAMS 0x0000000087400000, 0x0000000087400000| Untracked 
| 117|0x0000000087500000, 0x00000000875546a0, 0x0000000087600000| 32%| S|CS|TAMS 0x0000000087500000, 0x0000000087500000| Complete 
| 118|0x0000000087600000, 0x0000000087700000, 0x0000000087700000|100%| S|CS|TAMS 0x0000000087600000, 0x0000000087600000| Complete 
| 119|0x0000000087700000, 0x0000000087800000, 0x0000000087800000|100%| S|CS|TAMS 0x0000000087700000, 0x0000000087700000| Complete 
| 120|0x0000000087800000, 0x0000000087900000, 0x0000000087900000|100%| S|CS|TAMS 0x0000000087800000, 0x0000000087800000| Complete 
| 121|0x0000000087900000, 0x0000000087a00000, 0x0000000087a00000|100%| S|CS|TAMS 0x0000000087900000, 0x0000000087900000| Complete 
| 122|0x0000000087a00000, 0x0000000087b00000, 0x0000000087b00000|100%| S|CS|TAMS 0x0000000087a00000, 0x0000000087a00000| Complete 
| 123|0x0000000087b00000, 0x0000000087c00000, 0x0000000087c00000|100%| S|CS|TAMS 0x0000000087b00000, 0x0000000087b00000| Complete 
| 124|0x0000000087c00000, 0x0000000087c00000, 0x0000000087d00000|  0%| F|  |TAMS 0x0000000087c00000, 0x0000000087c00000| Untracked 
| 125|0x0000000087d00000, 0x0000000087d00000, 0x0000000087e00000|  0%| F|  |TAMS 0x0000000087d00000, 0x0000000087d00000| Untracked 
| 126|0x0000000087e00000, 0x0000000087e00000, 0x0000000087f00000|  0%| F|  |TAMS 0x0000000087e00000, 0x0000000087e00000| Untracked 
| 127|0x0000000087f00000, 0x0000000087f00000, 0x0000000088000000|  0%| F|  |TAMS 0x0000000087f00000, 0x0000000087f00000| Untracked 
| 128|0x0000000088000000, 0x0000000088000000, 0x0000000088100000|  0%| F|  |TAMS 0x0000000088000000, 0x0000000088000000| Untracked 
| 129|0x0000000088100000, 0x0000000088100000, 0x0000000088200000|  0%| F|  |TAMS 0x0000000088100000, 0x0000000088100000| Untracked 
| 130|0x0000000088200000, 0x0000000088200000, 0x0000000088300000|  0%| F|  |TAMS 0x0000000088200000, 0x0000000088200000| Untracked 
| 131|0x0000000088300000, 0x0000000088300000, 0x0000000088400000|  0%| F|  |TAMS 0x0000000088300000, 0x0000000088300000| Untracked 
| 132|0x0000000088400000, 0x0000000088400000, 0x0000000088500000|  0%| F|  |TAMS 0x0000000088400000, 0x0000000088400000| Untracked 
| 133|0x0000000088500000, 0x0000000088500000, 0x0000000088600000|  0%| F|  |TAMS 0x0000000088500000, 0x0000000088500000| Untracked 
| 134|0x0000000088600000, 0x0000000088600000, 0x0000000088700000|  0%| F|  |TAMS 0x0000000088600000, 0x0000000088600000| Untracked 
| 135|0x0000000088700000, 0x0000000088700000, 0x0000000088800000|  0%| F|  |TAMS 0x0000000088700000, 0x0000000088700000| Untracked 
| 136|0x0000000088800000, 0x0000000088800000, 0x0000000088900000|  0%| F|  |TAMS 0x0000000088800000, 0x0000000088800000| Untracked 
| 137|0x0000000088900000, 0x0000000088900000, 0x0000000088a00000|  0%| F|  |TAMS 0x0000000088900000, 0x0000000088900000| Untracked 
| 138|0x0000000088a00000, 0x0000000088a00000, 0x0000000088b00000|  0%| F|  |TAMS 0x0000000088a00000, 0x0000000088a00000| Untracked 
| 139|0x0000000088b00000, 0x0000000088b00000, 0x0000000088c00000|  0%| F|  |TAMS 0x0000000088b00000, 0x0000000088b00000| Untracked 
| 140|0x0000000088c00000, 0x0000000088c00000, 0x0000000088d00000|  0%| F|  |TAMS 0x0000000088c00000, 0x0000000088c00000| Untracked 
| 141|0x0000000088d00000, 0x0000000088d00000, 0x0000000088e00000|  0%| F|  |TAMS 0x0000000088d00000, 0x0000000088d00000| Untracked 
| 142|0x0000000088e00000, 0x0000000088e00000, 0x0000000088f00000|  0%| F|  |TAMS 0x0000000088e00000, 0x0000000088e00000| Untracked 
| 143|0x0000000088f00000, 0x0000000088f00000, 0x0000000089000000|  0%| F|  |TAMS 0x0000000088f00000, 0x0000000088f00000| Untracked 
| 144|0x0000000089000000, 0x0000000089000000, 0x0000000089100000|  0%| F|  |TAMS 0x0000000089000000, 0x0000000089000000| Untracked 
| 145|0x0000000089100000, 0x0000000089100000, 0x0000000089200000|  0%| F|  |TAMS 0x0000000089100000, 0x0000000089100000| Untracked 
| 146|0x0000000089200000, 0x0000000089300000, 0x0000000089300000|100%| E|  |TAMS 0x0000000089200000, 0x0000000089200000| Complete 
| 147|0x0000000089300000, 0x0000000089400000, 0x0000000089400000|100%| E|CS|TAMS 0x0000000089300000, 0x0000000089300000| Complete 
| 148|0x0000000089400000, 0x0000000089500000, 0x0000000089500000|100%| E|CS|TAMS 0x0000000089400000, 0x0000000089400000| Complete 
| 149|0x0000000089500000, 0x0000000089600000, 0x0000000089600000|100%| E|CS|TAMS 0x0000000089500000, 0x0000000089500000| Complete 
| 150|0x0000000089600000, 0x0000000089700000, 0x0000000089700000|100%| E|CS|TAMS 0x0000000089600000, 0x0000000089600000| Complete 
| 151|0x0000000089700000, 0x0000000089800000, 0x0000000089800000|100%| E|CS|TAMS 0x0000000089700000, 0x0000000089700000| Complete 
| 152|0x0000000089800000, 0x0000000089900000, 0x0000000089900000|100%| E|CS|TAMS 0x0000000089800000, 0x0000000089800000| Complete 
| 153|0x0000000089900000, 0x0000000089a00000, 0x0000000089a00000|100%| E|CS|TAMS 0x0000000089900000, 0x0000000089900000| Complete 
| 154|0x0000000089a00000, 0x0000000089b00000, 0x0000000089b00000|100%| E|CS|TAMS 0x0000000089a00000, 0x0000000089a00000| Complete 
| 155|0x0000000089b00000, 0x0000000089c00000, 0x0000000089c00000|100%| E|CS|TAMS 0x0000000089b00000, 0x0000000089b00000| Complete 
| 156|0x0000000089c00000, 0x0000000089d00000, 0x0000000089d00000|100%| E|CS|TAMS 0x0000000089c00000, 0x0000000089c00000| Complete 
| 157|0x0000000089d00000, 0x0000000089e00000, 0x0000000089e00000|100%| E|CS|TAMS 0x0000000089d00000, 0x0000000089d00000| Complete 
| 158|0x0000000089e00000, 0x0000000089f00000, 0x0000000089f00000|100%| E|CS|TAMS 0x0000000089e00000, 0x0000000089e00000| Complete 
| 159|0x0000000089f00000, 0x000000008a000000, 0x000000008a000000|100%| E|CS|TAMS 0x0000000089f00000, 0x0000000089f00000| Complete 
| 160|0x000000008a000000, 0x000000008a100000, 0x000000008a100000|100%| E|CS|TAMS 0x000000008a000000, 0x000000008a000000| Complete 
| 161|0x000000008a100000, 0x000000008a200000, 0x000000008a200000|100%| E|CS|TAMS 0x000000008a100000, 0x000000008a100000| Complete 
| 162|0x000000008a200000, 0x000000008a300000, 0x000000008a300000|100%| E|CS|TAMS 0x000000008a200000, 0x000000008a200000| Complete 
| 163|0x000000008a300000, 0x000000008a400000, 0x000000008a400000|100%| E|CS|TAMS 0x000000008a300000, 0x000000008a300000| Complete 
| 164|0x000000008a400000, 0x000000008a500000, 0x000000008a500000|100%| E|CS|TAMS 0x000000008a400000, 0x000000008a400000| Complete 
| 165|0x000000008a500000, 0x000000008a600000, 0x000000008a600000|100%| E|CS|TAMS 0x000000008a500000, 0x000000008a500000| Complete 
| 166|0x000000008a600000, 0x000000008a700000, 0x000000008a700000|100%| E|CS|TAMS 0x000000008a600000, 0x000000008a600000| Complete 
| 167|0x000000008a700000, 0x000000008a800000, 0x000000008a800000|100%| E|CS|TAMS 0x000000008a700000, 0x000000008a700000| Complete 
| 168|0x000000008a800000, 0x000000008a900000, 0x000000008a900000|100%| E|CS|TAMS 0x000000008a800000, 0x000000008a800000| Complete 
| 169|0x000000008a900000, 0x000000008aa00000, 0x000000008aa00000|100%| E|CS|TAMS 0x000000008a900000, 0x000000008a900000| Complete 
| 170|0x000000008aa00000, 0x000000008ab00000, 0x000000008ab00000|100%| E|CS|TAMS 0x000000008aa00000, 0x000000008aa00000| Complete 
| 171|0x000000008ab00000, 0x000000008ac00000, 0x000000008ac00000|100%| E|CS|TAMS 0x000000008ab00000, 0x000000008ab00000| Complete 
| 172|0x000000008ac00000, 0x000000008ad00000, 0x000000008ad00000|100%| E|CS|TAMS 0x000000008ac00000, 0x000000008ac00000| Complete 
| 173|0x000000008ad00000, 0x000000008ae00000, 0x000000008ae00000|100%| E|CS|TAMS 0x000000008ad00000, 0x000000008ad00000| Complete 
| 174|0x000000008ae00000, 0x000000008af00000, 0x000000008af00000|100%| E|CS|TAMS 0x000000008ae00000, 0x000000008ae00000| Complete 
| 175|0x000000008af00000, 0x000000008b000000, 0x000000008b000000|100%| E|CS|TAMS 0x000000008af00000, 0x000000008af00000| Complete 
| 176|0x000000008b000000, 0x000000008b100000, 0x000000008b100000|100%| E|CS|TAMS 0x000000008b000000, 0x000000008b000000| Complete 
| 177|0x000000008b100000, 0x000000008b200000, 0x000000008b200000|100%| E|CS|TAMS 0x000000008b100000, 0x000000008b100000| Complete 
| 178|0x000000008b200000, 0x000000008b300000, 0x000000008b300000|100%| E|CS|TAMS 0x000000008b200000, 0x000000008b200000| Complete 
| 179|0x000000008b300000, 0x000000008b400000, 0x000000008b400000|100%| E|CS|TAMS 0x000000008b300000, 0x000000008b300000| Complete 
| 180|0x000000008b400000, 0x000000008b500000, 0x000000008b500000|100%| E|CS|TAMS 0x000000008b400000, 0x000000008b400000| Complete 
| 181|0x000000008b500000, 0x000000008b600000, 0x000000008b600000|100%| E|CS|TAMS 0x000000008b500000, 0x000000008b500000| Complete 
| 182|0x000000008b600000, 0x000000008b700000, 0x000000008b700000|100%| E|CS|TAMS 0x000000008b600000, 0x000000008b600000| Complete 
| 183|0x000000008b700000, 0x000000008b800000, 0x000000008b800000|100%| E|CS|TAMS 0x000000008b700000, 0x000000008b700000| Complete 
| 184|0x000000008b800000, 0x000000008b900000, 0x000000008b900000|100%| E|CS|TAMS 0x000000008b800000, 0x000000008b800000| Complete 
| 185|0x000000008b900000, 0x000000008ba00000, 0x000000008ba00000|100%| E|CS|TAMS 0x000000008b900000, 0x000000008b900000| Complete 
| 230|0x000000008e600000, 0x000000008e700000, 0x000000008e700000|100%| E|CS|TAMS 0x000000008e600000, 0x000000008e600000| Complete 
| 231|0x000000008e700000, 0x000000008e800000, 0x000000008e800000|100%| E|CS|TAMS 0x000000008e700000, 0x000000008e700000| Complete 
| 251|0x000000008fb00000, 0x000000008fc00000, 0x000000008fc00000|100%| E|CS|TAMS 0x000000008fb00000, 0x000000008fb00000| Complete 

Card table byte_map: [0x000001ab612e0000,0x000001ab616e0000] _byte_map_base: 0x000001ab60ee0000

Marking Bits (Prev, Next): (CMBitMap*) 0x000001ab49e07090, (CMBitMap*) 0x000001ab49e07050
 Prev Bits: [0x000001ab63ae0000, 0x000001ab65ae0000)
 Next Bits: [0x000001ab61ae0000, 0x000001ab63ae0000)

Polling page: 0x000001ab49570000

Metaspace:

Usage:
  Non-class:     68.07 MB used.
      Class:     11.03 MB used.
       Both:     79.10 MB used.

Virtual space:
  Non-class space:      128.00 MB reserved,      68.44 MB ( 53%) committed,  2 nodes.
      Class space:      416.00 MB reserved,      11.38 MB (  3%) committed,  1 nodes.
             Both:      544.00 MB reserved,      79.81 MB ( 15%) committed. 

Chunk freelists:
   Non-Class:  11.55 MB
       Class:  4.64 MB
        Both:  16.19 MB

MaxMetaspaceSize: 512.00 MB
CompressedClassSpaceSize: 416.00 MB
Initial GC threshold: 21.00 MB
Current GC threshold: 111.38 MB
CDS: on
MetaspaceReclaimPolicy: balanced
 - commit_granule_bytes: 65536.
 - commit_granule_words: 8192.
 - virtual_space_node_default_size: 8388608.
 - enlarge_chunks_in_place: 1.
 - new_chunks_are_fully_committed: 0.
 - uncommit_free_chunks: 1.
 - use_allocation_guard: 0.
 - handle_deallocations: 1.


Internal statistics:

num_allocs_failed_limit: 6.
num_arena_births: 1038.
num_arena_deaths: 0.
num_vsnodes_births: 3.
num_vsnodes_deaths: 0.
num_space_committed: 1277.
num_space_uncommitted: 0.
num_chunks_returned_to_freelist: 6.
num_chunks_taken_from_freelist: 4493.
num_chunk_merges: 6.
num_chunk_splits: 2926.
num_chunks_enlarged: 1886.
num_inconsistent_stats: 0.

CodeHeap 'non-profiled nmethods': size=119168Kb used=5219Kb max_used=5606Kb free=113948Kb
 bounds [0x000001ab59200000, 0x000001ab59780000, 0x000001ab60660000]
CodeHeap 'profiled nmethods': size=119104Kb used=18826Kb max_used=19594Kb free=100277Kb
 bounds [0x000001ab51660000, 0x000001ab52990000, 0x000001ab58ab0000]
CodeHeap 'non-nmethods': size=7488Kb used=2945Kb max_used=4113Kb free=4542Kb
 bounds [0x000001ab58ab0000, 0x000001ab58ec0000, 0x000001ab59200000]
 total_blobs=10613 nmethods=9702 adapters=821
 compilation: enabled
              stopped_count=0, restarted_count=0
 full_count=0

Compilation events (20 events):
Event: 132.529 Thread 0x000001ab6ffba5b0 11160       3       org.gradle.api.internal.artifacts.configurations.DefaultConfiguration::addMutationValidator (12 bytes)
Event: 132.529 Thread 0x000001ab6ffc0aa0 11105   !   4       com.google.common.cache.LocalCache$Segment::runLockedCleanup (39 bytes)
Event: 132.531 Thread 0x000001ab6ffba5b0 nmethod 11160 0x000001ab51d89110 code [0x000001ab51d892c0, 0x000001ab51d894a8]
Event: 132.531 Thread 0x000001ab6ffba5b0 11152       3       org.gradle.api.internal.provider.DefaultValueSourceProviderFactory$ValueSourceProvider::<init> (10 bytes)
Event: 132.532 Thread 0x000001ab68bfba70 nmethod 11159 0x000001ab51dd3490 code [0x000001ab51dd36a0, 0x000001ab51dd3ce8]
Event: 132.532 Thread 0x000001ab68bfba70 11157       3       org.gradle.api.internal.collections.DefaultCollectionEventRegister::registerLazyAddAction (6 bytes)
Event: 132.533 Thread 0x000001ab6ffbeac0 nmethod 11123 0x000001ab59274510 code [0x000001ab592746a0, 0x000001ab59274858]
Event: 132.534 Thread 0x000001ab6ffba5b0 nmethod 11152 0x000001ab51e49010 code [0x000001ab51e491c0, 0x000001ab51e493d8]
Event: 132.534 Thread 0x000001ab6ffba5b0 11161       1       org.gradle.api.internal.project.BuildOperationCrossProjectConfigurator::getMutationGuard (5 bytes)
Event: 132.534 Thread 0x000001ab6ffbeac0 11107       4       com.google.common.cache.LocalCache$Segment::expireEntries (113 bytes)
Event: 132.534 Thread 0x000001ab68bfba70 nmethod 11157 0x000001ab51e48a90 code [0x000001ab51e48c40, 0x000001ab51e48ee8]
Event: 132.534 Thread 0x000001ab6ffba5b0 nmethod 11161 0x000001ab59274210 code [0x000001ab592743a0, 0x000001ab59274478]
Event: 132.535 Thread 0x000001ab68bfba70 11156       1       org.gradle.api.internal.artifacts.configurations.DefaultConfiguration::access$2300 (5 bytes)
Event: 132.535 Thread 0x000001ab68bfba70 nmethod 11156 0x000001ab59273f10 code [0x000001ab592740a0, 0x000001ab59274158]
Event: 132.574 Thread 0x000001ab68bfba70 11162       3       org.gradle.internal.snapshot.impl.DefaultIsolatableFactory$IsolatableVisitor::stringValue (6 bytes)
Event: 132.574 Thread 0x000001ab6ffba5b0 11163       3       org.gradle.internal.snapshot.impl.DefaultIsolatableFactory$IsolatableVisitor::stringValue (9 bytes)
Event: 132.576 Thread 0x000001ab6ffba5b0 nmethod 11163 0x000001ab51e48410 code [0x000001ab51e485c0, 0x000001ab51e488f8]
Event: 132.576 Thread 0x000001ab68bfba70 nmethod 11162 0x000001ab51bb8990 code [0x000001ab51bb8b60, 0x000001ab51bb8f18]
Event: 132.585 Thread 0x000001ab68bfba70 11164       3       org.gradle.api.internal.DefaultNamedDomainObjectCollection$AbstractDomainObjectCreatingProvider::getName (5 bytes)
Event: 132.586 Thread 0x000001ab68bfba70 nmethod 11164 0x000001ab51c97590 code [0x000001ab51c97720, 0x000001ab51c97838]

GC Heap History (20 events):
Event: 108.464 GC heap before
{Heap before GC invocations=27 (full 0):
 garbage-first heap   total 111616K, used 87324K [0x0000000080000000, 0x0000000100000000)
  region size 1024K, 29 young (29696K), 3 survivors (3072K)
 Metaspace       used 62793K, committed 63424K, reserved 491520K
  class space    used 8862K, committed 9152K, reserved 425984K
}
Event: 108.482 GC heap after
{Heap after GC invocations=28 (full 0):
 garbage-first heap   total 111616K, used 63193K [0x0000000080000000, 0x0000000100000000)
  region size 1024K, 3 young (3072K), 3 survivors (3072K)
 Metaspace       used 62793K, committed 63424K, reserved 491520K
  class space    used 8862K, committed 9152K, reserved 425984K
}
Event: 114.251 GC heap before
{Heap before GC invocations=28 (full 0):
 garbage-first heap   total 111616K, used 90841K [0x0000000080000000, 0x0000000100000000)
  region size 1024K, 31 young (31744K), 3 survivors (3072K)
 Metaspace       used 63948K, committed 64640K, reserved 491520K
  class space    used 8979K, committed 9344K, reserved 425984K
}
Event: 114.279 GC heap after
{Heap after GC invocations=29 (full 0):
 garbage-first heap   total 111616K, used 67164K [0x0000000080000000, 0x0000000100000000)
  region size 1024K, 4 young (4096K), 4 survivors (4096K)
 Metaspace       used 63948K, committed 64640K, reserved 491520K
  class space    used 8979K, committed 9344K, reserved 425984K
}
Event: 115.779 GC heap before
{Heap before GC invocations=30 (full 0):
 garbage-first heap   total 116736K, used 90716K [0x0000000080000000, 0x0000000100000000)
  region size 1024K, 27 young (27648K), 4 survivors (4096K)
 Metaspace       used 65619K, committed 66304K, reserved 491520K
  class space    used 9224K, committed 9600K, reserved 425984K
}
Event: 115.797 GC heap after
{Heap after GC invocations=31 (full 0):
 garbage-first heap   total 116736K, used 68974K [0x0000000080000000, 0x0000000100000000)
  region size 1024K, 2 young (2048K), 2 survivors (2048K)
 Metaspace       used 65619K, committed 66304K, reserved 491520K
  class space    used 9224K, committed 9600K, reserved 425984K
}
Event: 116.324 GC heap before
{Heap before GC invocations=31 (full 0):
 garbage-first heap   total 116736K, used 71022K [0x0000000080000000, 0x0000000100000000)
  region size 1024K, 5 young (5120K), 2 survivors (2048K)
 Metaspace       used 65936K, committed 66624K, reserved 491520K
  class space    used 9290K, committed 9664K, reserved 425984K
}
Event: 116.340 GC heap after
{Heap after GC invocations=32 (full 0):
 garbage-first heap   total 116736K, used 69396K [0x0000000080000000, 0x0000000100000000)
  region size 1024K, 1 young (1024K), 1 survivors (1024K)
 Metaspace       used 65936K, committed 66624K, reserved 491520K
  class space    used 9290K, committed 9664K, reserved 425984K
}
Event: 118.164 GC heap before
{Heap before GC invocations=32 (full 0):
 garbage-first heap   total 116736K, used 93972K [0x0000000080000000, 0x0000000100000000)
  region size 1024K, 26 young (26624K), 1 survivors (1024K)
 Metaspace       used 67658K, committed 68416K, reserved 491520K
  class space    used 9617K, committed 9984K, reserved 425984K
}
Event: 118.189 GC heap after
{Heap after GC invocations=33 (full 0):
 garbage-first heap   total 116736K, used 72572K [0x0000000080000000, 0x0000000100000000)
  region size 1024K, 4 young (4096K), 4 survivors (4096K)
 Metaspace       used 67658K, committed 68416K, reserved 491520K
  class space    used 9617K, committed 9984K, reserved 425984K
}
Event: 119.878 GC heap before
{Heap before GC invocations=34 (full 0):
 garbage-first heap   total 128000K, used 94076K [0x0000000080000000, 0x0000000100000000)
  region size 1024K, 26 young (26624K), 4 survivors (4096K)
 Metaspace       used 68258K, committed 68992K, reserved 491520K
  class space    used 9700K, committed 10048K, reserved 425984K
}
Event: 119.902 GC heap after
{Heap after GC invocations=35 (full 0):
 garbage-first heap   total 128000K, used 74751K [0x0000000080000000, 0x0000000100000000)
  region size 1024K, 4 young (4096K), 4 survivors (4096K)
 Metaspace       used 68258K, committed 68992K, reserved 491520K
  class space    used 9700K, committed 10048K, reserved 425984K
}
Event: 119.987 GC heap before
{Heap before GC invocations=35 (full 0):
 garbage-first heap   total 128000K, used 75775K [0x0000000080000000, 0x0000000100000000)
  region size 1024K, 6 young (6144K), 4 survivors (4096K)
 Metaspace       used 68260K, committed 68992K, reserved 491520K
  class space    used 9700K, committed 10048K, reserved 425984K
}
Event: 120.001 GC heap after
{Heap after GC invocations=36 (full 0):
 garbage-first heap   total 128000K, used 74247K [0x0000000080000000, 0x0000000100000000)
  region size 1024K, 1 young (1024K), 1 survivors (1024K)
 Metaspace       used 68260K, committed 68992K, reserved 491520K
  class space    used 9700K, committed 10048K, reserved 425984K
}
Event: 120.892 GC heap before
{Heap before GC invocations=36 (full 0):
 garbage-first heap   total 128000K, used 88583K [0x0000000080000000, 0x0000000100000000)
  region size 1024K, 16 young (16384K), 1 survivors (1024K)
 Metaspace       used 68400K, committed 69184K, reserved 491520K
  class space    used 9717K, committed 10112K, reserved 425984K
}
Event: 120.911 GC heap after
{Heap after GC invocations=37 (full 0):
 garbage-first heap   total 193536K, used 75929K [0x0000000080000000, 0x0000000100000000)
  region size 1024K, 3 young (3072K), 3 survivors (3072K)
 Metaspace       used 68400K, committed 69184K, reserved 491520K
  class space    used 9717K, committed 10112K, reserved 425984K
}
Event: 126.655 GC heap before
{Heap before GC invocations=37 (full 0):
 garbage-first heap   total 193536K, used 155801K [0x0000000080000000, 0x0000000100000000)
  region size 1024K, 76 young (77824K), 3 survivors (3072K)
 Metaspace       used 72991K, committed 73792K, reserved 491520K
  class space    used 10252K, committed 10624K, reserved 425984K
}
Event: 126.678 GC heap after
{Heap after GC invocations=38 (full 0):
 garbage-first heap   total 193536K, used 89088K [0x0000000080000000, 0x0000000100000000)
  region size 1024K, 10 young (10240K), 10 survivors (10240K)
 Metaspace       used 72991K, committed 73792K, reserved 491520K
  class space    used 10252K, committed 10624K, reserved 425984K
}
Event: 130.387 GC heap before
{Heap before GC invocations=38 (full 0):
 garbage-first heap   total 193536K, used 161792K [0x0000000080000000, 0x0000000100000000)
  region size 1024K, 75 young (76800K), 10 survivors (10240K)
 Metaspace       used 77722K, committed 78464K, reserved 557056K
  class space    used 10846K, committed 11200K, reserved 425984K
}
Event: 130.403 GC heap after
{Heap after GC invocations=39 (full 0):
 garbage-first heap   total 193536K, used 95943K [0x0000000080000000, 0x0000000100000000)
  region size 1024K, 7 young (7168K), 7 survivors (7168K)
 Metaspace       used 77722K, committed 78464K, reserved 557056K
  class space    used 10846K, committed 11200K, reserved 425984K
}

Deoptimization events (20 events):
Event: 130.480 Thread 0x000001ab68d4de90 DEOPT PACKING pc=0x000001ab5941d540 sp=0x0000002397cf2150
Event: 130.480 Thread 0x000001ab68d4de90 DEOPT UNPACKING pc=0x000001ab58b023a3 sp=0x0000002397cf2090 mode 2
Event: 130.502 Thread 0x000001ab68d4de90 Uncommon trap: trap_request=0xffffff45 fr.pc=0x000001ab5955d028 relative=0x0000000000000128
Event: 130.502 Thread 0x000001ab68d4de90 Uncommon trap: reason=unstable_if action=reinterpret pc=0x000001ab5955d028 method=org.objectweb.asm.ByteVector.putByteArray([BII)Lorg/objectweb/asm/ByteVector; @ 20 c2
Event: 130.502 Thread 0x000001ab68d4de90 DEOPT PACKING pc=0x000001ab5955d028 sp=0x0000002397cf2470
Event: 130.502 Thread 0x000001ab68d4de90 DEOPT UNPACKING pc=0x000001ab58b023a3 sp=0x0000002397cf2440 mode 2
Event: 130.503 Thread 0x000001ab68d4de90 Uncommon trap: trap_request=0xffffff45 fr.pc=0x000001ab59542d78 relative=0x00000000000009b8
Event: 130.503 Thread 0x000001ab68d4de90 Uncommon trap: reason=unstable_if action=reinterpret pc=0x000001ab59542d78 method=org.objectweb.asm.Label.resolve([BI)Z @ 80 c2
Event: 130.503 Thread 0x000001ab68d4de90 DEOPT PACKING pc=0x000001ab59542d78 sp=0x0000002397cf24b0
Event: 130.503 Thread 0x000001ab68d4de90 DEOPT UNPACKING pc=0x000001ab58b023a3 sp=0x0000002397cf23d0 mode 2
Event: 130.503 Thread 0x000001ab68d4de90 Uncommon trap: trap_request=0xffffff45 fr.pc=0x000001ab59254340 relative=0x0000000000000220
Event: 130.503 Thread 0x000001ab68d4de90 Uncommon trap: reason=unstable_if action=reinterpret pc=0x000001ab59254340 method=org.objectweb.asm.Label.resolve([BI)Z @ 80 c2
Event: 130.503 Thread 0x000001ab68d4de90 DEOPT PACKING pc=0x000001ab59254340 sp=0x0000002397cf2440
Event: 130.503 Thread 0x000001ab68d4de90 DEOPT UNPACKING pc=0x000001ab58b023a3 sp=0x0000002397cf23c0 mode 2
Event: 131.534 Thread 0x000001ab68d4de90 Uncommon trap: trap_request=0xffffffd6 fr.pc=0x000001ab5968efa8 relative=0x00000000000007e8
Event: 131.534 Thread 0x000001ab68d4de90 Uncommon trap: reason=array_check action=maybe_recompile pc=0x000001ab5968efa8 method=java.util.TimSort.binarySort([Ljava/lang/Object;IIILjava/util/Comparator;)V @ 193 c2
Event: 131.534 Thread 0x000001ab68d4de90 DEOPT PACKING pc=0x000001ab5968efa8 sp=0x0000002397cf4de0
Event: 131.534 Thread 0x000001ab68d4de90 DEOPT UNPACKING pc=0x000001ab58b023a3 sp=0x0000002397cf4d78 mode 2
Event: 131.650 Thread 0x000001ab68d4de90 DEOPT PACKING pc=0x000001ab5227b4a5 sp=0x0000002397cf4180
Event: 131.650 Thread 0x000001ab68d4de90 DEOPT UNPACKING pc=0x000001ab58b02b43 sp=0x0000002397cf3720 mode 0

Classes unloaded (0 events):
No events

Classes redefined (0 events):
No events

Internal exceptions (20 events):
Event: 121.460 Thread 0x000001ab68d4de90 Exception <a 'java/lang/ClassNotFoundException'{0x000000008ad6d678}: org/gradle/internal/credentials/DefaultPasswordCredentialsBeanInfo> (0x000000008ad6d678) 
thrown [s\open\src\hotspot\share\classfile\systemDictionary.cpp, line 256]
Event: 121.464 Thread 0x000001ab68d4de90 Exception <a 'java/lang/ClassNotFoundException'{0x000000008ad89cd0}: org/gradle/internal/credentials/DefaultPasswordCredentialsCustomizer> (0x000000008ad89cd0) 
thrown [s\open\src\hotspot\share\classfile\systemDictionary.cpp, line 256]
Event: 121.469 Thread 0x000001ab68d4de90 Exception <a 'java/lang/ClassNotFoundException'{0x000000008adac258}: org/gradle/internal/credentials/DefaultPasswordCredentials_DecoratedCustomizer> (0x000000008adac258) 
thrown [s\open\src\hotspot\share\classfile\systemDictionary.cpp, line 256]
Event: 121.688 Thread 0x000001ab68d4de90 Exception <a 'java/lang/ClassNotFoundException'{0x000000008abdca88}: build_ecoregwvhag4i4xw8cgrv3mv0BeanInfo> (0x000000008abdca88) 
thrown [s\open\src\hotspot\share\classfile\systemDictionary.cpp, line 256]
Event: 121.691 Thread 0x000001ab68d4de90 Exception <a 'java/lang/ClassNotFoundException'{0x000000008abe8390}: build_ecoregwvhag4i4xw8cgrv3mv0Customizer> (0x000000008abe8390) 
thrown [s\open\src\hotspot\share\classfile\systemDictionary.cpp, line 256]
Event: 127.419 Thread 0x000001ab68d4de90 Implicit null exception at 0x000001ab593e950c to 0x000001ab593e9642
Event: 128.580 Thread 0x000001ab68d4de90 Exception <a 'sun/nio/fs/WindowsException'{0x000000008a9ced40}> (0x000000008a9ced40) 
thrown [s\open\src\hotspot\share\prims\jni.cpp, line 516]
Event: 130.502 Thread 0x000001ab68d4de90 Implicit null exception at 0x000001ab5955cf48 to 0x000001ab5955d008
Event: 131.144 Thread 0x000001ab68d4de90 Exception <a 'java/lang/NoSuchMethodError'{0x000000008b1f0180}: static Lorg/jetbrains/kotlin/gradle/plugin/internal/DefaultConfigurationTimePropertiesAccessorVariantFactory;.<clinit>()V> (0x000000008b1f0180) 
thrown [s\open\src\hotspot\share\prims\jni.cpp, line 1112]
Event: 131.152 Thread 0x000001ab68d4de90 Exception <a 'java/lang/NoSuchMethodError'{0x000000008b00df88}: static Lorg/jetbrains/kotlin/gradle/plugin/internal/DefaultProjectIsolationStartParameterAccessorVariantFactory;.<clinit>()V> (0x000000008b00df88) 
thrown [s\open\src\hotspot\share\prims\jni.cpp, line 1112]
Event: 131.160 Thread 0x000001ab68d4de90 Exception <a 'java/lang/NoSuchMethodError'{0x000000008b032b70}: static Lorg/jetbrains/kotlin/gradle/plugin/internal/DefaultArtifactTypeAttributeAccessorVariantFactory;.<clinit>()V> (0x000000008b032b70) 
thrown [s\open\src\hotspot\share\prims\jni.cpp, line 1112]
Event: 131.168 Thread 0x000001ab68d4de90 Exception <a 'java/lang/NoSuchMethodError'{0x000000008b057440}: static Lorg/jetbrains/kotlin/gradle/plugin/internal/DefaultCompatibilityConventionRegistrar$Factory;.<clinit>()V> (0x000000008b057440) 
thrown [s\open\src\hotspot\share\prims\jni.cpp, line 1112]
Event: 131.175 Thread 0x000001ab68d4de90 Exception <a 'java/lang/NoSuchMethodError'{0x000000008b0758e0}: static Lorg/jetbrains/kotlin/gradle/plugin/internal/DefaultJavaSourceSetsAccessorVariantFactory;.<clinit>()V> (0x000000008b0758e0) 
thrown [s\open\src\hotspot\share\prims\jni.cpp, line 1112]
Event: 131.182 Thread 0x000001ab68d4de90 Exception <a 'java/lang/NoSuchMethodError'{0x000000008b093770}: static Lorg/jetbrains/kotlin/gradle/plugin/internal/DefaultIdeaSyncDetectorVariantFactory;.<clinit>()V> (0x000000008b093770) 
thrown [s\open\src\hotspot\share\prims\jni.cpp, line 1112]
Event: 131.190 Thread 0x000001ab68d4de90 Exception <a 'java/lang/NoSuchMethodError'{0x000000008b0b2790}: static Lorg/jetbrains/kotlin/gradle/plugin/internal/DefaultKotlinTestReportCompatibilityHelperVariantFactory;.<clinit>()V> (0x000000008b0b2790) 
thrown [s\open\src\hotspot\share\prims\jni.cpp, line 1112]
Event: 131.197 Thread 0x000001ab68d4de90 Exception <a 'java/lang/NoSuchMethodError'{0x000000008b0d11d0}: static Lorg/jetbrains/kotlin/gradle/plugin/internal/DefaultMppTestReportHelperVariantFactory;.<clinit>()V> (0x000000008b0d11d0) 
thrown [s\open\src\hotspot\share\prims\jni.cpp, line 1112]
Event: 131.206 Thread 0x000001ab68d4de90 Exception <a 'java/lang/NoSuchMethodError'{0x000000008b0f6208}: static Lorg/jetbrains/kotlin/gradle/plugin/internal/DefaultConfigurationCacheStartParameterAccessorVariantFactory;.<clinit>()V> (0x000000008b0f6208) 
thrown [s\open\src\hotspot\share\prims\jni.cpp, line 1112]
Event: 131.214 Thread 0x000001ab68d4de90 Exception <a 'java/lang/NoSuchMethodError'{0x000000008af15c50}: static Lorg/jetbrains/kotlin/gradle/plugin/internal/MavenPluginConfigurator$DefaultMavenPluginConfiguratorVariantFactory;.<clinit>()V> (0x000000008af15c50) 
thrown [s\open\src\hotspot\share\prims\jni.cpp, line 1112]
Event: 131.221 Thread 0x000001ab68d4de90 Exception <a 'java/lang/NoSuchMethodError'{0x000000008af33820}: static Lorg/jetbrains/kotlin/gradle/targets/js/nodejs/DefaultUnameExecutorVariantFactory;.<clinit>()V> (0x000000008af33820) 
thrown [s\open\src\hotspot\share\prims\jni.cpp, line 1112]
Event: 131.228 Thread 0x000001ab68d4de90 Exception <a 'java/lang/NoSuchMethodError'{0x000000008af51dd8}: static Lorg/jetbrains/kotlin/gradle/plugin/internal/DefaultBasePluginConfigurationVariantFactory;.<clinit>()V> (0x000000008af51dd8) 
thrown [s\open\src\hotspot\share\prims\jni.cpp, line 1112]

VM Operations (20 events):
Event: 127.187 Executing VM operation: HandshakeAllThreads
Event: 127.188 Executing VM operation: HandshakeAllThreads done
Event: 127.474 Executing VM operation: HandshakeAllThreads
Event: 127.475 Executing VM operation: HandshakeAllThreads done
Event: 127.627 Executing VM operation: HandshakeAllThreads
Event: 127.628 Executing VM operation: HandshakeAllThreads done
Event: 127.703 Executing VM operation: HandshakeAllThreads
Event: 127.704 Executing VM operation: HandshakeAllThreads done
Event: 127.704 Executing VM operation: Cleanup
Event: 127.704 Executing VM operation: Cleanup done
Event: 128.709 Executing VM operation: Cleanup
Event: 128.710 Executing VM operation: Cleanup done
Event: 129.711 Executing VM operation: Cleanup
Event: 129.712 Executing VM operation: Cleanup done
Event: 130.387 Executing VM operation: G1CollectForAllocation
Event: 130.403 Executing VM operation: G1CollectForAllocation done
Event: 131.410 Executing VM operation: Cleanup
Event: 131.411 Executing VM operation: Cleanup done
Event: 132.423 Executing VM operation: Cleanup
Event: 132.424 Executing VM operation: Cleanup done

Events (20 events):
Event: 127.890 loading class java/util/jar/JarVerifier$VerifierStream
Event: 127.895 loading class java/util/jar/JarVerifier$VerifierStream done
Event: 127.897 loading class sun/security/util/ManifestEntryVerifier$SunProviderHolder
Event: 127.899 loading class sun/security/util/ManifestEntryVerifier$SunProviderHolder done
Event: 128.564 loading class java/security/KeyStore$ProtectionParameter
Event: 128.567 loading class java/security/KeyStore$ProtectionParameter done
Event: 129.156 Thread 0x000001ab6ffbe020 Thread exited: 0x000001ab6ffbe020
Event: 129.525 Thread 0x000001ab6ffba5b0 Thread added: 0x000001ab6ffba5b0
Event: 129.988 Thread 0x000001ab6ffbfab0 Thread exited: 0x000001ab6ffbfab0
Event: 130.003 loading class java/security/KeyStore
Event: 130.005 loading class java/security/KeyStore done
Event: 130.005 loading class java/security/KeyStore$1
Event: 130.006 loading class java/security/KeyStore$1 done
Event: 130.379 loading class javax/xml/stream/XMLStreamException
Event: 130.379 loading class javax/xml/stream/XMLStreamException done
Event: 130.426 Thread 0x000001ab6ffbf560 Thread exited: 0x000001ab6ffbf560
Event: 131.284 Thread 0x000001ab71547330 Thread added: 0x000001ab71547330
Event: 132.388 Thread 0x000001ab6ffbab00 Thread added: 0x000001ab6ffbab00
Event: 132.402 Thread 0x000001ab6ffc0aa0 Thread added: 0x000001ab6ffc0aa0
Event: 132.502 Thread 0x000001ab6ffbeac0 Thread added: 0x000001ab6ffbeac0


Dynamic libraries:
0x00007ff6d0b60000 - 0x00007ff6d0b70000 	C:\Program Files\Java\jdk-22\bin\java.exe
0x00007ffb4d890000 - 0x00007ffb4daa7000 	C:\Windows\SYSTEM32\ntdll.dll
0x00007ffb4d390000 - 0x00007ffb4d454000 	C:\Windows\System32\KERNEL32.DLL
0x00007ffb4ad20000 - 0x00007ffb4b0cd000 	C:\Windows\System32\KERNELBASE.dll
0x00007ffb4b0d0000 - 0x00007ffb4b1e1000 	C:\Windows\System32\ucrtbase.dll
0x00007ffb03970000 - 0x00007ffb0398b000 	C:\Program Files\Java\jdk-22\bin\VCRUNTIME140.dll
0x00007ffb03ff0000 - 0x00007ffb04009000 	C:\Program Files\Java\jdk-22\bin\jli.dll
0x00007ffb4d460000 - 0x00007ffb4d512000 	C:\Windows\System32\ADVAPI32.dll
0x00007ffb4bee0000 - 0x00007ffb4bf87000 	C:\Windows\System32\msvcrt.dll
0x00007ffb4d0c0000 - 0x00007ffb4d169000 	C:\Windows\System32\sechost.dll
0x00007ffb4b470000 - 0x00007ffb4b498000 	C:\Windows\System32\bcrypt.dll
0x00007ffb4d170000 - 0x00007ffb4d284000 	C:\Windows\System32\RPCRT4.dll
0x00007ffb4d520000 - 0x00007ffb4d6ce000 	C:\Windows\System32\USER32.dll
0x00007ffb4b440000 - 0x00007ffb4b466000 	C:\Windows\System32\win32u.dll
0x00007ffb4c820000 - 0x00007ffb4c849000 	C:\Windows\System32\GDI32.dll
0x00007ffb32810000 - 0x00007ffb32aa3000 	C:\Windows\WinSxS\amd64_microsoft.windows.common-controls_6595b64144ccf1df_6.0.22621.3672_none_2713b9d173822955\COMCTL32.dll
0x00007ffb4b4a0000 - 0x00007ffb4b5b9000 	C:\Windows\System32\gdi32full.dll
0x00007ffb4b270000 - 0x00007ffb4b30a000 	C:\Windows\System32\msvcp_win.dll
0x00007ffb2e360000 - 0x00007ffb2e36a000 	C:\Windows\SYSTEM32\VERSION.dll
0x00007ffb4b9c0000 - 0x00007ffb4b9f1000 	C:\Windows\System32\IMM32.DLL
0x00007ffb37460000 - 0x00007ffb3746c000 	C:\Program Files\Java\jdk-22\bin\vcruntime140_1.dll
0x00007ffaee1b0000 - 0x00007ffaee23e000 	C:\Program Files\Java\jdk-22\bin\msvcp140.dll
0x00007ffad6bd0000 - 0x00007ffad77b0000 	C:\Program Files\Java\jdk-22\bin\server\jvm.dll
0x00007ffb4b950000 - 0x00007ffb4b958000 	C:\Windows\System32\PSAPI.DLL
0x00007ffb409a0000 - 0x00007ffb409d4000 	C:\Windows\SYSTEM32\WINMM.dll
0x00007ffb2ba30000 - 0x00007ffb2ba39000 	C:\Windows\SYSTEM32\WSOCK32.dll
0x00007ffb4bf90000 - 0x00007ffb4c001000 	C:\Windows\System32\WS2_32.dll
0x00007ffb49bd0000 - 0x00007ffb49be8000 	C:\Windows\SYSTEM32\kernel.appcore.dll
0x00007ffb32e10000 - 0x00007ffb32e1a000 	C:\Program Files\Java\jdk-22\bin\jimage.dll
0x00007ffb484a0000 - 0x00007ffb486d2000 	C:\Windows\SYSTEM32\DBGHELP.DLL
0x00007ffb4b5c0000 - 0x00007ffb4b94e000 	C:\Windows\System32\combase.dll
0x00007ffb4baf0000 - 0x00007ffb4bbc7000 	C:\Windows\System32\OLEAUT32.dll
0x00007ffb3b520000 - 0x00007ffb3b552000 	C:\Windows\SYSTEM32\dbgcore.DLL
0x00007ffb4b1f0000 - 0x00007ffb4b26b000 	C:\Windows\System32\bcryptPrimitives.dll
0x00007ffb3a030000 - 0x00007ffb3a03e000 	C:\Program Files\Java\jdk-22\bin\instrument.dll
0x00007ffafc6e0000 - 0x00007ffafc705000 	C:\Program Files\Java\jdk-22\bin\java.dll
0x00007ffae6fd0000 - 0x00007ffae70a7000 	C:\Program Files\Java\jdk-22\bin\jsvml.dll
0x00007ffb4c850000 - 0x00007ffb4d0b7000 	C:\Windows\System32\SHELL32.dll
0x00007ffb48ae0000 - 0x00007ffb493df000 	C:\Windows\SYSTEM32\windows.storage.dll
0x00007ffb489a0000 - 0x00007ffb48adf000 	C:\Windows\SYSTEM32\wintypes.dll
0x00007ffb4d290000 - 0x00007ffb4d389000 	C:\Windows\System32\SHCORE.dll
0x00007ffb4c5f0000 - 0x00007ffb4c64e000 	C:\Windows\System32\shlwapi.dll
0x00007ffb4aae0000 - 0x00007ffb4ab07000 	C:\Windows\SYSTEM32\profapi.dll
0x00007ffafb440000 - 0x00007ffafb458000 	C:\Program Files\Java\jdk-22\bin\zip.dll
0x00007ffb03740000 - 0x00007ffb03759000 	C:\Program Files\Java\jdk-22\bin\net.dll
0x00007ffb43c80000 - 0x00007ffb43db6000 	C:\Windows\SYSTEM32\WINHTTP.dll
0x00007ffb4a070000 - 0x00007ffb4a0d9000 	C:\Windows\system32\mswsock.dll
0x00007ffafd880000 - 0x00007ffafd896000 	C:\Program Files\Java\jdk-22\bin\nio.dll
0x00007ffb42f70000 - 0x00007ffb42f80000 	C:\Program Files\Java\jdk-22\bin\verify.dll
0x00007ffb2e6e0000 - 0x00007ffb2e707000 	C:\Users\vanam\.gradle\native\c067742578af261105cb4f569cf0c3c89f3d7b1fecec35dd04571415982c5e48\windows-amd64\native-platform.dll
0x00007ffae7c20000 - 0x00007ffae7d64000 	C:\Users\vanam\.gradle\native\38dada09dfb8b06ba9b0570ebf7e218e3eb74d4ef43ca46872605cf95ebc2f47\windows-amd64\native-platform-file-events.dll
0x00007ffb326a0000 - 0x00007ffb326aa000 	C:\Program Files\Java\jdk-22\bin\management.dll
0x00007ffb324d0000 - 0x00007ffb324db000 	C:\Program Files\Java\jdk-22\bin\management_ext.dll
0x00007ffb4a2d0000 - 0x00007ffb4a2eb000 	C:\Windows\SYSTEM32\CRYPTSP.dll
0x00007ffb49b30000 - 0x00007ffb49b65000 	C:\Windows\system32\rsaenh.dll
0x00007ffb4a160000 - 0x00007ffb4a188000 	C:\Windows\SYSTEM32\USERENV.dll
0x00007ffb4a2c0000 - 0x00007ffb4a2cc000 	C:\Windows\SYSTEM32\CRYPTBASE.dll
0x00007ffb49630000 - 0x00007ffb4965d000 	C:\Windows\SYSTEM32\IPHLPAPI.DLL
0x00007ffb4c650000 - 0x00007ffb4c659000 	C:\Windows\System32\NSI.dll
0x00007ffb43ba0000 - 0x00007ffb43bb9000 	C:\Windows\SYSTEM32\dhcpcsvc6.DLL
0x00007ffb43b60000 - 0x00007ffb43b7f000 	C:\Windows\SYSTEM32\dhcpcsvc.DLL
0x00007ffb496a0000 - 0x00007ffb49798000 	C:\Windows\SYSTEM32\DNSAPI.dll
0x00007ffb323f0000 - 0x00007ffb323fe000 	C:\Program Files\Java\jdk-22\bin\sunmscapi.dll
0x00007ffb4abb0000 - 0x00007ffb4ad17000 	C:\Windows\System32\CRYPT32.dll
0x00007ffb4a480000 - 0x00007ffb4a4ae000 	C:\Windows\SYSTEM32\ncrypt.dll
0x00007ffb4a440000 - 0x00007ffb4a477000 	C:\Windows\SYSTEM32\NTASN1.dll
0x00007ffb00010000 - 0x00007ffb00018000 	C:\Windows\system32\wshunix.dll
0x00007ffb0e310000 - 0x00007ffb0e327000 	C:\Windows\system32\napinsp.dll
0x00007ffb0e2f0000 - 0x00007ffb0e30b000 	C:\Windows\system32\pnrpnsp.dll
0x00007ffb0e2d0000 - 0x00007ffb0e2e1000 	C:\Windows\System32\winrnr.dll
0x00007ffb40430000 - 0x00007ffb40445000 	C:\Windows\system32\wshbth.dll
0x00007ffb0e2a0000 - 0x00007ffb0e2c7000 	C:\Windows\system32\nlansp_c.dll
0x00007ffb43b90000 - 0x00007ffb43b9a000 	C:\Windows\System32\rasadhlp.dll
0x00007ffb428d0000 - 0x00007ffb42953000 	C:\Windows\System32\fwpuclnt.dll

dbghelp: loaded successfully - version: 4.0.5 - missing functions: none
symbol engine: initialized successfully - sym options: 0x614 - pdb path: .;C:\Program Files\Java\jdk-22\bin;C:\Windows\SYSTEM32;C:\Windows\WinSxS\amd64_microsoft.windows.common-controls_6595b64144ccf1df_6.0.22621.3672_none_2713b9d173822955;C:\Program Files\Java\jdk-22\bin\server;C:\Users\vanam\.gradle\native\c067742578af261105cb4f569cf0c3c89f3d7b1fecec35dd04571415982c5e48\windows-amd64;C:\Users\vanam\.gradle\native\38dada09dfb8b06ba9b0570ebf7e218e3eb74d4ef43ca46872605cf95ebc2f47\windows-amd64

VM Arguments:
jvm_args: -XX:MaxMetaspaceSize=512m --add-opens=java.base/java.util=ALL-UNNAMED --add-opens=java.base/java.lang=ALL-UNNAMED --add-opens=java.base/java.lang.invoke=ALL-UNNAMED --add-opens=java.prefs/java.util.prefs=ALL-UNNAMED --add-opens=java.base/java.nio.charset=ALL-UNNAMED --add-opens=java.base/java.net=ALL-UNNAMED --add-opens=java.base/java.util.concurrent.atomic=ALL-UNNAMED -Xmx2048m -Dfile.encoding=windows-1252 -Duser.country=IN -Duser.language=en -Duser.variant -javaagent:C:\Users\vanam\.gradle\wrapper\dists\gradle-8.6-all\3mbtmo166bl6vumsh5k2lkq5h\gradle-8.6\lib\agents\gradle-instrumentation-agent-8.6.jar 
java_command: org.gradle.launcher.daemon.bootstrap.GradleDaemon 8.6
java_class_path (initial): C:\Users\vanam\.gradle\wrapper\dists\gradle-8.6-all\3mbtmo166bl6vumsh5k2lkq5h\gradle-8.6\lib\gradle-launcher-8.6.jar
Launcher Type: SUN_STANDARD

[Global flags]
     intx CICompilerCount                          = 12                                        {product} {ergonomic}
   size_t CompressedClassSpaceSize                 = 436207616                                 {product} {ergonomic}
     uint ConcGCThreads                            = 3                                         {product} {ergonomic}
     uint G1ConcRefinementThreads                  = 13                                        {product} {ergonomic}
   size_t G1HeapRegionSize                         = 1048576                                   {product} {ergonomic}
    uintx GCDrainStackTargetSize                   = 64                                        {product} {ergonomic}
   size_t InitialHeapSize                          = 264241152                                 {product} {ergonomic}
   size_t MarkStackSize                            = 4194304                                   {product} {ergonomic}
   size_t MaxHeapSize                              = 2147483648                                {product} {command line}
   size_t MaxMetaspaceSize                         = 536870912                                 {product} {command line}
   size_t MaxNewSize                               = 1287651328                                {product} {ergonomic}
   size_t MinHeapDeltaBytes                        = 1048576                                   {product} {ergonomic}
   size_t MinHeapSize                              = 8388608                                   {product} {ergonomic}
    uintx NonNMethodCodeHeapSize                   = 7602480                                {pd product} {ergonomic}
    uintx NonProfiledCodeHeapSize                  = 122027880                              {pd product} {ergonomic}
    uintx ProfiledCodeHeapSize                     = 122027880                              {pd product} {ergonomic}
    uintx ReservedCodeCacheSize                    = 251658240                              {pd product} {ergonomic}
     bool SegmentedCodeCache                       = true                                      {product} {ergonomic}
   size_t SoftMaxHeapSize                          = 2147483648                             {manageable} {ergonomic}
     bool UseCompressedClassPointers               = true                           {product lp64_product} {ergonomic}
     bool UseCompressedOops                        = true                           {product lp64_product} {ergonomic}
     bool UseG1GC                                  = true                                      {product} {ergonomic}
     bool UseLargePagesIndividualAllocation        = false                                  {pd product} {ergonomic}

Logging:
Log output configuration:
 #0: stdout all=warning uptime,level,tags
 #1: stderr all=off uptime,level,tags

Environment Variables:
CLASSPATH=E:\clickSolver\userapp1\android\\gradle\wrapper\gradle-wrapper.jar
PATH=E:\clickSolver\userapp1\node_modules\.bin;E:\clickSolver\userapp1\node_modules\.bin;E:\clickSolver\node_modules\.bin;E:\node_modules\.bin;C:\Program Files\nodejs\node_modules\npm\node_modules\@npmcli\run-script\lib\node-gyp-bin;E:\clickSolver\userapp1\node_modules\.bin;E:\clickSolver\userapp1\node_modules\.bin;E:\clickSolver\node_modules\.bin;E:\node_modules\.bin;C:\Program Files\nodejs\node_modules\npm\node_modules\@npmcli\run-script\lib\node-gyp-bin;C:\Ruby33-x64\bin;C:\Program Files\Python310\Scripts\;C:\Program Files\Python310\;C:\Program Files\Common Files\Oracle\Java\javapath;C:\Windows\system32;C:\Windows;C:\Windows\System32\Wbem;C:\Windows\System32\WindowsPowerShell\v1.0\;C:\Windows\System32\OpenSSH\;C:\Program Files\dotnet\;C:\Program Files\Docker\Docker\resources\bin;C:\Program Files\nodejs\;C:\Program Files\Git\cmd;C:\Program Files\Java\jdk-11\bin;C:\Users\vanam\AppData\Local\Android\Sdk;C:\Users\vanam\AppData\Local\Android\Sdk\platform-tools;C:\Users\vanam\AppData\Local\Android\Sdk\ndk;C:\Users\vanam\AppData\Local\Microsoft\WindowsApps;C:\Program Files\Java\jdk-17\bin;C:\Program Files\Git\bin;C:\Users\vanam\AppData\Roaming\npm;C:\Program Files;C:\Users\vanam\AppData\Local\Programs\Microsoft VS Code\bin;C:\Users\vanam\AppData\Local\Android\Sdk\platform-tools;C:\Users\vanam\AppData\Local\Android\Sdk;C:\Users\vanam\AppData\Local\Android\Sdk\emulator;C:\Users\vanam\AppData\Local\Android\Sdk\ndk;C:\Program Files\nodejs\;
USERNAME=vanam
LANG=en_US.UTF-8
OS=Windows_NT
PROCESSOR_IDENTIFIER=Intel64 Family 6 Model 154 Stepping 3, GenuineIntel



---------------  S Y S T E M  ---------------

OS:
 Windows 11 , 64 bit Build 22621 (10.0.22621.3958)
OS uptime: 0 days 19:50 hours
Hyper-V role detected

CPU: total 16 (initial active 16) (8 cores per cpu, 2 threads per core) family 6 model 154 stepping 3 microcode 0x433, cx8, cmov, fxsr, ht, mmx, 3dnowpref, sse, sse2, sse3, ssse3, sse4.1, sse4.2, popcnt, lzcnt, tsc, tscinvbit, avx, avx2, aes, erms, clmul, bmi1, bmi2, adx, sha, fma, vzeroupper, clflush, clflushopt, clwb, hv

Memory: 4k page, system-wide physical 16068M (1942M free)
TotalPageFile size 21062M (AvailPageFile size 913M)
current process WorkingSet (physical memory assigned to process): 436M, peak: 445M
current process commit charge ("private bytes"): 495M, peak: 502M

vm_info: Java HotSpot(TM) 64-Bit Server VM (17.0.12+8-LTS-286) for windows-amd64 JRE (17.0.12+8-LTS-286), built on Jun  5 2024 06:46:59 by "mach5one" with MS VC++ 17.6 (VS2022)

END.
